#
# There is insufficient memory for the Java Runtime Environment to continue.
# Native memory allocation (malloc) failed to allocate 1048576 bytes. Error detail: AllocateHeap
# Possible reasons:
#   The system is out of physical RAM or swap space
#   This process is running with CompressedOops enabled, and the Java Heap may be blocking the growth of the native heap
# Possible solutions:
#   Reduce memory load on the system
#   Increase physical memory or swap space
#   Check if swap backing store is full
#   Decrease Java heap size (-Xmx/-Xms)
#   Decrease number of Java threads
#   Decrease Java thread stack sizes (-Xss)
#   Set larger code cache with -XX:ReservedCodeCacheSize=
#   JVM is running with Zero Based Compressed Oops mode in which the Java heap is
#     placed in the first 32GB address space. The Java Heap base address is the
#     maximum limit for the native heap growth. Please use -XX:HeapBaseMinAddress
#     to set the Java Heap base and to place the Java Heap above 32GB virtual address.
# This output file may be truncated or incomplete.
#
#  Out of Memory Error (allocation.cpp:44), pid=4916, tid=12564
#
# JRE version:  (17.0.11+9) (build )
# Java VM: OpenJDK 64-Bit Server VM (17.0.11+9-LTS, mixed mode, sharing, tiered, compressed oops, compressed class ptrs, g1 gc, windows-amd64)
# No core dump will be written. Minidumps are not enabled by default on client versions of Windows
#

---------------  S U M M A R Y ------------

Command Line: -Dfile.encoding=utf8 c:\Users\DeLL\.vscode\extensions\vscjava.vscode-gradle-3.14.1\lib\gradle-language-server.jar

Host: Intel(R) Core(TM) i5-8265U CPU @ 1.60GHz, 8 cores, 15G,  Windows 10 , 64 bit Build 19041 (10.0.19041.3636)
Time: Sat Jul 13 22:21:58 2024 Pakistan Standard Time elapsed time: 0.034643 seconds (0d 0h 0m 0s)

---------------  T H R E A D  ---------------

Current thread (0x0000017a5059ef80):  JavaThread "Unknown thread" [_thread_in_vm, id=12564, stack(0x00000056de300000,0x00000056de400000)]

Stack: [0x00000056de300000,0x00000056de400000]
Native frames: (J=compiled Java code, j=interpreted, Vv=VM code, C=native code)
V  [jvm.dll+0x67f6d9]
V  [jvm.dll+0x83773a]
V  [jvm.dll+0x8391fe]
V  [jvm.dll+0x839863]
V  [jvm.dll+0x247fbf]
V  [jvm.dll+0xa6cc3]
V  [jvm.dll+0x2e9a47]
V  [jvm.dll+0x2e186b]
V  [jvm.dll+0x8090e1]
V  [jvm.dll+0x36e7c1]
V  [jvm.dll+0x7e7b06]
V  [jvm.dll+0x3f202f]
V  [jvm.dll+0x3f3b81]
C  [jli.dll+0x528f]
C  [ucrtbase.dll+0x21bb2]
C  [KERNEL32.DLL+0x17344]
C  [ntdll.dll+0x4cc91]


---------------  P R O C E S S  ---------------

Threads class SMR info:
_java_thread_list=0x00007fff7cbb2f18, length=0, elements={
}

Java Threads: ( => current thread )

Other Threads:
  0x0000017a50608cf0 GCTaskThread "GC Thread#0" [stack: 0x00000056de400000,0x00000056de500000] [id=22268]

[error occurred during error reporting (printing all threads), id 0xc0000005, EXCEPTION_ACCESS_VIOLATION (0xc0000005) at pc=0x00007fff7c36e990]

VM state: not at safepoint (not fully initialized)

VM Mutex/Monitor currently owned by a thread:  ([mutex/lock_event])
[0x0000017a50599860] Heap_lock - owner thread: 0x0000017a5059ef80

Heap address: 0x0000000702000000, size: 4064 MB, Compressed Oops mode: Zero based, Oop shift amount: 3

CDS archive(s) mapped at: [0x0000000000000000-0x0000000000000000-0x0000000000000000), size 0, SharedBaseAddress: 0x0000000800000000, ArchiveRelocationMode: 1.
Narrow klass base: 0x0000000000000000, Narrow klass shift: 0, Narrow klass range: 0x0

GC Precious Log:
<Empty>

Heap:
 garbage-first heap   total 0K, used 0K [0x0000000702000000, 0x0000000800000000)
  region size 2048K, 0 young (0K), 0 survivors (0K)

[error occurred during error reporting (printing heap information), id 0xc0000005, EXCEPTION_ACCESS_VIOLATION (0xc0000005) at pc=0x00007fff7c759a59]

GC Heap History (0 events):
No events

Dll operation events (1 events):
Event: 0.026 Loaded shared library C:\Program Files\Microsoft\jdk-17.0.11.9-hotspot\bin\java.dll

Deoptimization events (0 events):
No events

Classes unloaded (0 events):
No events

Classes redefined (0 events):
No events

Internal exceptions (0 events):
No events

VM Operations (0 events):
No events

Events (0 events):
No events


Dynamic libraries:
0x00007ff711420000 - 0x00007ff71142e000 	C:\Program Files\Microsoft\jdk-17.0.11.9-hotspot\bin\java.exe
0x00007fffea8f0000 - 0x00007fffeaae8000 	C:\Windows\SYSTEM32\ntdll.dll
0x00007fffe9800000 - 0x00007fffe98bd000 	C:\Windows\System32\KERNEL32.DLL
0x00007fffe8470000 - 0x00007fffe8766000 	C:\Windows\System32\KERNELBASE.dll
0x00007fffe8370000 - 0x00007fffe8470000 	C:\Windows\System32\ucrtbase.dll
0x00007fffc7e60000 - 0x00007fffc7e77000 	C:\Program Files\Microsoft\jdk-17.0.11.9-hotspot\bin\jli.dll
0x00007fffe9540000 - 0x00007fffe96df000 	C:\Windows\System32\USER32.dll
0x00007fffe8770000 - 0x00007fffe8792000 	C:\Windows\System32\win32u.dll
0x00007fffe8930000 - 0x00007fffe895b000 	C:\Windows\System32\GDI32.dll
0x00007fffe81e0000 - 0x00007fffe82f7000 	C:\Windows\System32\gdi32full.dll
0x00007fffe8140000 - 0x00007fffe81dd000 	C:\Windows\System32\msvcp_win.dll
0x00007fffc7420000 - 0x00007fffc743b000 	C:\Program Files\Microsoft\jdk-17.0.11.9-hotspot\bin\VCRUNTIME140.dll
0x00007fffd1870000 - 0x00007fffd1b0a000 	C:\Windows\WinSxS\amd64_microsoft.windows.common-controls_6595b64144ccf1df_6.0.19041.4355_none_60b8b9eb71f62e16\COMCTL32.dll
0x00007fffe98c0000 - 0x00007fffe995e000 	C:\Windows\System32\msvcrt.dll
0x00007fffea2c0000 - 0x00007fffea2ef000 	C:\Windows\System32\IMM32.DLL
0x00007fffd2290000 - 0x00007fffd229c000 	C:\Program Files\Microsoft\jdk-17.0.11.9-hotspot\bin\vcruntime140_1.dll
0x00007fffb6a60000 - 0x00007fffb6aed000 	C:\Program Files\Microsoft\jdk-17.0.11.9-hotspot\bin\msvcp140.dll
0x00007fff7c080000 - 0x00007fff7cce6000 	C:\Program Files\Microsoft\jdk-17.0.11.9-hotspot\bin\server\jvm.dll
0x00007fffe9750000 - 0x00007fffe9800000 	C:\Windows\System32\ADVAPI32.dll
0x00007fffea220000 - 0x00007fffea2c0000 	C:\Windows\System32\sechost.dll
0x00007fffe8c60000 - 0x00007fffe8d83000 	C:\Windows\System32\RPCRT4.dll
0x00007fffe7fb0000 - 0x00007fffe7fd7000 	C:\Windows\System32\bcrypt.dll
0x00007fffe7e00000 - 0x00007fffe7e4b000 	C:\Windows\SYSTEM32\POWRPROF.dll
0x00007fffcbee0000 - 0x00007fffcbee9000 	C:\Windows\SYSTEM32\WSOCK32.dll
0x00007fffe96e0000 - 0x00007fffe974b000 	C:\Windows\System32\WS2_32.dll
0x00007fffcc9b0000 - 0x00007fffcc9d7000 	C:\Windows\SYSTEM32\WINMM.dll
0x00007fffe1c40000 - 0x00007fffe1c4a000 	C:\Windows\SYSTEM32\VERSION.dll
0x00007fffe7de0000 - 0x00007fffe7df2000 	C:\Windows\SYSTEM32\UMPDC.dll
0x00007fffe5df0000 - 0x00007fffe5e02000 	C:\Windows\SYSTEM32\kernel.appcore.dll
0x00007fffce290000 - 0x00007fffce29a000 	C:\Program Files\Microsoft\jdk-17.0.11.9-hotspot\bin\jimage.dll
0x00007fffe03a0000 - 0x00007fffe0584000 	C:\Windows\SYSTEM32\DBGHELP.DLL
0x00007fffe01c0000 - 0x00007fffe01f4000 	C:\Windows\SYSTEM32\dbgcore.DLL
0x00007fffe87f0000 - 0x00007fffe8872000 	C:\Windows\System32\bcryptPrimitives.dll
0x00007fffc41e0000 - 0x00007fffc4205000 	C:\Program Files\Microsoft\jdk-17.0.11.9-hotspot\bin\java.dll

dbghelp: loaded successfully - version: 4.0.5 - missing functions: none
symbol engine: initialized successfully - sym options: 0x614 - pdb path: .;C:\Program Files\Microsoft\jdk-17.0.11.9-hotspot\bin;C:\Windows\SYSTEM32;C:\Windows\WinSxS\amd64_microsoft.windows.common-controls_6595b64144ccf1df_6.0.19041.4355_none_60b8b9eb71f62e16;C:\Program Files\Microsoft\jdk-17.0.11.9-hotspot\bin\server

VM Arguments:
jvm_args: -Dfile.encoding=utf8 
java_command: c:\Users\DeLL\.vscode\extensions\vscjava.vscode-gradle-3.14.1\lib\gradle-language-server.jar
java_class_path (initial): c:\Users\DeLL\.vscode\extensions\vscjava.vscode-gradle-3.14.1\lib\gradle-language-server.jar
Launcher Type: SUN_STANDARD

[Global flags]
     intx CICompilerCount                          = 4                                         {product} {ergonomic}
     uint ConcGCThreads                            = 2                                         {product} {ergonomic}
     uint G1ConcRefinementThreads                  = 8                                         {product} {ergonomic}
   size_t G1HeapRegionSize                         = 2097152                                   {product} {ergonomic}
    uintx GCDrainStackTargetSize                   = 64                                        {product} {ergonomic}
   size_t InitialHeapSize                          = 266338304                                 {product} {ergonomic}
   size_t MarkStackSize                            = 4194304                                   {product} {ergonomic}
   size_t MaxHeapSize                              = 4261412864                                {product} {ergonomic}
   size_t MinHeapDeltaBytes                        = 2097152                                   {product} {ergonomic}
   size_t MinHeapSize                              = 8388608                                   {product} {ergonomic}
    uintx NonNMethodCodeHeapSize                   = 5839372                                {pd product} {ergonomic}
    uintx NonProfiledCodeHeapSize                  = 122909434                              {pd product} {ergonomic}
    uintx ProfiledCodeHeapSize                     = 122909434                              {pd product} {ergonomic}
    uintx ReservedCodeCacheSize                    = 251658240                              {pd product} {ergonomic}
     bool SegmentedCodeCache                       = true                                      {product} {ergonomic}
   size_t SoftMaxHeapSize                          = 4261412864                             {manageable} {ergonomic}
     bool UseCompressedClassPointers               = true                           {product lp64_product} {ergonomic}
     bool UseCompressedOops                        = true                           {product lp64_product} {ergonomic}
     bool UseG1GC                                  = true                                      {product} {ergonomic}
     bool UseLargePagesIndividualAllocation        = false                                  {pd product} {ergonomic}

Logging:
Log output configuration:
 #0: stdout all=warning uptime,level,tags
 #1: stderr all=off uptime,level,tags

Environment Variables:
JAVA_HOME=C:\Program Files\Microsoft\jdk-17.0.11.9-hotspot\
PATH=C:\Program Files\Microsoft\jdk-17.0.11.9-hotspot\bin;C:\Program Files\Common Files\Oracle\Java\javapath;C:\Python312\Scripts\;C:\Python312\;C:\Program Files\Python311\Scripts\;C:\Program Files\Python311\;C:\Windows\system32;C:\Windows;C:\Windows\System32\Wbem;C:\Windows\System32\WindowsPowerShell\v1.0\;C:\Windows\System32\OpenSSH\;C:\Program Files (x86)\Microsoft Group Policy\Windows 10 November 2021 Update V2 (21H2)\PolicyDefinitions\;C:\Program Files\dotnet\;C:\Users\DeLL\AppData\Roaming\Python\Python311\Scripts;C:\Users\DeLL\AppData\Local\Android\Sdk\platform-tools;C:\Program Files\Java\jdk-11\bin;C:\xampp\php;C:\composer;C:\Program Files\Amazon\SessionManagerPlugin\bin\;C:\Program Files\nodejs\;C:\ProgramData\chocolatey\bin;C:\Program Files\Git\cmd;C:\Users\DeLL\AppData\Local\Android\Sdk\tools;C:\Users\DeLL\AppData\Local\Microsoft\WindowsApps;C:\Users\DeLL\AppData\Local\Programs\Microsoft VS Code\bin;C:\Users\DeLL\AppData\Roaming\Composer\vendor\bin;C:\Users\DeLL\AppData\Roaming\npm;E:\flutter\flutter\bin
USERNAME=DeLL
OS=Windows_NT
PROCESSOR_IDENTIFIER=Intel64 Family 6 Model 142 Stepping 12, GenuineIntel
TMP=C:\Users\DeLL\AppData\Local\Temp
TEMP=C:\Users\DeLL\AppData\Local\Temp



Periodic native trim disabled


---------------  S Y S T E M  ---------------

OS:
 Windows 10 , 64 bit Build 19041 (10.0.19041.3636)
OS uptime: 1 days 5:01 hours
Hyper-V role detected

CPU: total 8 (initial active 8) (4 cores per cpu, 2 threads per core) family 6 model 142 stepping 12 microcode 0xf8, cx8, cmov, fxsr, ht, mmx, 3dnowpref, sse, sse2, sse3, ssse3, sse4.1, sse4.2, popcnt, lzcnt, tsc, tscinvbit, avx, avx2, aes, erms, clmul, bmi1, bmi2, adx, fma, vzeroupper, clflush, clflushopt, hv
Processor Information for all 8 processors :
  Max Mhz: 1800, Current Mhz: 1600, Mhz Limit: 1584

Memory: 4k page, system-wide physical 16255M (1127M free)
TotalPageFile size 24887M (AvailPageFile size 31M)
current process WorkingSet (physical memory assigned to process): 10M, peak: 10M
current process commit charge ("private bytes"): 55M, peak: 56M

vm_info: OpenJDK 64-Bit Server VM (17.0.11+9-LTS) for windows-amd64 JRE (17.0.11+9-LTS), built on Apr  9 2024 22:05:54 by "MicrosoftCorporation" with MS VC++ 16.10 / 16.11 (VS2019)

END.
