#
# There is insufficient memory for the Java Runtime Environment to continue.
# Native memory allocation (mmap) failed to map 30408704 bytes for G1 virtual space
# Possible reasons:
#   The system is out of physical RAM or swap space
#   The process is running with CompressedOops enabled, and the Java Heap may be blocking the growth of the native heap
# Possible solutions:
#   Reduce memory load on the system
#   Increase physical memory or swap space
#   Check if swap backing store is full
#   Decrease Java heap size (-Xmx/-Xms)
#   Decrease number of Java threads
#   Decrease Java thread stack sizes (-Xss)
#   Set larger code cache with -XX:ReservedCodeCacheSize=
#   JVM is running with Unscaled Compressed Oops mode in which the Java heap is
#     placed in the first 4GB address space. The Java Heap base address is the
#     maximum limit for the native heap growth. Please use -XX:HeapBaseMinAddress
#     to set the Java Heap base and to place the Java Heap above 4GB virtual address.
# This output file may be truncated or incomplete.
#
#  Out of Memory Error (os_windows.cpp:3825), pid=17396, tid=22556
#
# JRE version: OpenJDK Runtime Environment (17.0.10) (build 17.0.10+0--11572160)
# Java VM: OpenJDK 64-Bit Server VM (17.0.10+0--11572160, mixed mode, tiered, compressed oops, compressed class ptrs, g1 gc, windows-amd64)
# No core dump will be written. Minidumps are not enabled by default on client versions of Windows
#

---------------  S U M M A R Y ------------

Command Line: --add-opens=java.base/java.util=ALL-UNNAMED --add-opens=java.base/java.lang=ALL-UNNAMED --add-opens=java.base/java.lang.invoke=ALL-UNNAMED --add-opens=java.base/java.util=ALL-UNNAMED --add-opens=java.prefs/java.util.prefs=ALL-UNNAMED --add-opens=java.prefs/java.util.prefs=ALL-UNNAMED --add-opens=java.base/java.nio.charset=ALL-UNNAMED --add-opens=java.base/java.net=ALL-UNNAMED --add-opens=java.base/java.util.concurrent.atomic=ALL-UNNAMED -Xmx2048M -Dfile.encoding=windows-1252 -Duser.country=US -Duser.language=en -Duser.variant org.gradle.launcher.daemon.bootstrap.GradleDaemon 7.4

Host: Intel(R) Core(TM) i5-8265U CPU @ 1.60GHz, 8 cores, 15G,  Windows 10 , 64 bit Build 19041 (10.0.19041.3636)
Time: Sat Jul 13 16:15:09 2024 Pakistan Standard Time elapsed time: 15.891073 seconds (0d 0h 0m 15s)

---------------  T H R E A D  ---------------

Current thread (0x000001d50731e330):  VMThread "VM Thread" [stack: 0x000000a514400000,0x000000a514500000] [id=22556]

Stack: [0x000000a514400000,0x000000a514500000]
Native frames: (J=compiled Java code, j=interpreted, Vv=VM code, C=native code)
V  [jvm.dll+0x688e89]
V  [jvm.dll+0x84247a]
V  [jvm.dll+0x8440be]
V  [jvm.dll+0x844723]
V  [jvm.dll+0x24be0f]
V  [jvm.dll+0x685c59]
V  [jvm.dll+0x67a50a]
V  [jvm.dll+0x30cbab]
V  [jvm.dll+0x314056]
V  [jvm.dll+0x363dce]
V  [jvm.dll+0x363fff]
V  [jvm.dll+0x2e2978]
V  [jvm.dll+0x2e5a66]
V  [jvm.dll+0x2f027a]
V  [jvm.dll+0x325240]
V  [jvm.dll+0x848e1b]
V  [jvm.dll+0x849b61]
V  [jvm.dll+0x84a07d]
V  [jvm.dll+0x84a454]
V  [jvm.dll+0x84a520]
V  [jvm.dll+0x7f0d1a]
V  [jvm.dll+0x687d05]
C  [ucrtbase.dll+0x21bb2]
C  [KERNEL32.DLL+0x17344]
C  [ntdll.dll+0x4cc91]

VM_Operation (0x000000a5140ff610): G1PauseRemark, mode: safepoint, requested by thread 0x000001d56b33ecb0


---------------  P R O C E S S  ---------------

Threads class SMR info:
_java_thread_list=0x000001d50c84c160, length=128, elements={
0x000001d56b2d1010, 0x000001d50732d140, 0x000001d50732ddd0, 0x000001d5073607c0,
0x000001d5073622a0, 0x000001d507366b90, 0x000001d507367460, 0x000001d507368110,
0x000001d507370b10, 0x000001d507380950, 0x000001d5074e01a0, 0x000001d5074e0a90,
0x000001d50d060f90, 0x000001d50d9d4a50, 0x000001d50d99bd60, 0x000001d50df86020,
0x000001d50d5f12a0, 0x000001d50d731800, 0x000001d50d6123c0, 0x000001d50d610560,
0x000001d50d610a70, 0x000001d50d610f80, 0x000001d50d610050, 0x000001d50d613800,
0x000001d50d611490, 0x000001d50f7dd9f0, 0x000001d50f7e3f30, 0x000001d50f7df340,
0x000001d50f7dd4e0, 0x000001d50f7e3510, 0x000001d50f7dcfd0, 0x000001d50f7de410,
0x000001d50f7e25e0, 0x000001d50f7e16b0, 0x000001d50f7e0c90, 0x000001d50f7e0270,
0x000001d50f7dee30, 0x000001d50f7de920, 0x000001d50f7e11a0, 0x000001d507f84bc0,
0x000001d50f7e1bc0, 0x000001d50f7dfd60, 0x000001d50f7dac50, 0x000001d50f7dbb80,
0x000001d50f7dc090, 0x000001d50f7d88e0, 0x000001d50f7d8df0, 0x000001d50fa03200,
0x000001d50fa027e0, 0x000001d50f9fd1d0, 0x000001d50f9feb20, 0x000001d50fa018b0,
0x000001d50f9fe100, 0x000001d50f9fe610, 0x000001d50f9fd6e0, 0x000001d50f9fdbf0,
0x000001d50f9fccc0, 0x000001d50fa01dc0, 0x000001d50f9ff540, 0x000001d50f9ffa50,
0x000001d50fa03710, 0x000001d50fa02cf0, 0x000001d50fa00e90, 0x000001d50f9fff60,
0x000001d50fa00470, 0x000001d50fa00980, 0x000001d50fa013a0, 0x000001d50fa022d0,
0x000001d50fa03c20, 0x000001d50fa04130, 0x000001d50fa04640, 0x000001d50f7d9d20,
0x000001d50f7d9300, 0x000001d50f7da230, 0x000001d50f7da740, 0x000001d50f7db160,
0x000001d50f7db670, 0x000001d50f7d9810, 0x000001d50f88c4e0, 0x000001d50f888310,
0x000001d50f8869c0, 0x000001d50f889c60, 0x000001d50f88b5b0, 0x000001d50f8864b0,
0x000001d50f885fa0, 0x000001d50f88ab90, 0x000001d50f8878f0, 0x000001d50f88a680,
0x000001d50f88c9f0, 0x000001d50f889750, 0x000001d50f887e00, 0x000001d50f88cf00,
0x000001d50f88d410, 0x000001d50f886ed0, 0x000001d50f88bac0, 0x000001d50f88d920,
0x000001d50f88b0a0, 0x000001d50f888d30, 0x000001d50f88bfd0, 0x000001d50f888820,
0x000001d50f8873e0, 0x000001d50f88a170, 0x000001d50f889240, 0x000001d5078736d0,
0x000001d507874600, 0x000001d507873be0, 0x000001d5078740f0, 0x000001d507877390,
0x000001d507879700, 0x000001d5078731c0, 0x000001d507874b10, 0x000001d507876e80,
0x000001d5078778a0, 0x000001d5078791f0, 0x000001d507877db0, 0x000001d5078787d0,
0x000001d507875020, 0x000001d507875530, 0x000001d507875a40, 0x000001d5078727a0,
0x000001d5078782c0, 0x000001d507878ce0, 0x000001d507875f50, 0x000001d507876460,
0x000001d507876970, 0x000001d507872cb0, 0x000001d507879c10, 0x000001d50787a120
}

Java Threads: ( => current thread )
  0x000001d56b2d1010 JavaThread "main" [_thread_blocked, id=2912, stack(0x000000a513e00000,0x000000a513f00000)]
  0x000001d50732d140 JavaThread "Reference Handler" daemon [_thread_blocked, id=6672, stack(0x000000a514500000,0x000000a514600000)]
  0x000001d50732ddd0 JavaThread "Finalizer" daemon [_thread_blocked, id=18384, stack(0x000000a514600000,0x000000a514700000)]
  0x000001d5073607c0 JavaThread "Signal Dispatcher" daemon [_thread_blocked, id=21616, stack(0x000000a514700000,0x000000a514800000)]
  0x000001d5073622a0 JavaThread "Attach Listener" daemon [_thread_blocked, id=18628, stack(0x000000a514800000,0x000000a514900000)]
  0x000001d507366b90 JavaThread "Service Thread" daemon [_thread_blocked, id=5816, stack(0x000000a514900000,0x000000a514a00000)]
  0x000001d507367460 JavaThread "Monitor Deflation Thread" daemon [_thread_blocked, id=16620, stack(0x000000a514a00000,0x000000a514b00000)]
  0x000001d507368110 JavaThread "C2 CompilerThread0" daemon [_thread_in_native, id=14852, stack(0x000000a514b00000,0x000000a514c00000)]
  0x000001d507370b10 JavaThread "C1 CompilerThread0" daemon [_thread_blocked, id=15004, stack(0x000000a514c00000,0x000000a514d00000)]
  0x000001d507380950 JavaThread "Sweeper thread" daemon [_thread_blocked, id=22200, stack(0x000000a514d00000,0x000000a514e00000)]
  0x000001d5074e01a0 JavaThread "Common-Cleaner" daemon [_thread_blocked, id=2480, stack(0x000000a514e00000,0x000000a514f00000)]
  0x000001d5074e0a90 JavaThread "Notification Thread" daemon [_thread_blocked, id=23028, stack(0x000000a514f00000,0x000000a515000000)]
  0x000001d50d060f90 JavaThread "Daemon health stats" [_thread_blocked, id=22748, stack(0x000000a515800000,0x000000a515900000)]
  0x000001d50d9d4a50 JavaThread "Incoming local TCP Connector on port 65518" [_thread_in_native, id=13572, stack(0x000000a515700000,0x000000a515800000)]
  0x000001d50d99bd60 JavaThread "Daemon periodic checks" [_thread_blocked, id=2000, stack(0x000000a515900000,0x000000a515a00000)]
  0x000001d50df86020 JavaThread "Daemon" [_thread_blocked, id=9044, stack(0x000000a515a00000,0x000000a515b00000)]
  0x000001d50d5f12a0 JavaThread "Handler for socket connection from /127.0.0.1:65518 to /127.0.0.1:65519" [_thread_in_native, id=11828, stack(0x000000a515b00000,0x000000a515c00000)]
  0x000001d50d731800 JavaThread "Cancel handler" [_thread_blocked, id=23268, stack(0x000000a515c00000,0x000000a515d00000)]
  0x000001d50d6123c0 JavaThread "Daemon worker" [_thread_blocked, id=15472, stack(0x000000a515d00000,0x000000a515e00000)]
  0x000001d50d610560 JavaThread "Asynchronous log dispatcher for DefaultDaemonConnection: socket connection from /127.0.0.1:65518 to /127.0.0.1:65519" [_thread_blocked, id=17164, stack(0x000000a515e00000,0x000000a515f00000)]
  0x000001d50d610a70 JavaThread "Stdin handler" [_thread_blocked, id=10836, stack(0x000000a515f00000,0x000000a516000000)]
  0x000001d50d610f80 JavaThread "Daemon client event forwarder" [_thread_blocked, id=16348, stack(0x000000a516000000,0x000000a516100000)]
  0x000001d50d610050 JavaThread "Cache worker for journal cache (C:\Users\DeLL\.gradle\caches\journal-1)" [_thread_blocked, id=7976, stack(0x000000a515100000,0x000000a515200000)]
  0x000001d50d613800 JavaThread "File lock request listener" [_thread_in_native, id=14720, stack(0x000000a516400000,0x000000a516500000)]
  0x000001d50d611490 JavaThread "Cache worker for file hash cache (C:\Users\DeLL\.gradle\caches\7.4\fileHashes)" [_thread_blocked, id=23004, stack(0x000000a516500000,0x000000a516600000)]
  0x000001d50f7dd9f0 JavaThread "File watcher server" daemon [_thread_in_native, id=5132, stack(0x000000a516800000,0x000000a516900000)]
  0x000001d50f7e3f30 JavaThread "File watcher consumer" daemon [_thread_blocked, id=21684, stack(0x000000a516900000,0x000000a516a00000)]
  0x000001d50f7df340 JavaThread "Cache worker for checksums cache (E:\flutter project\Rider App\android\.gradle\7.4\checksums)" [_thread_blocked, id=22376, stack(0x000000a516a00000,0x000000a516b00000)]
  0x000001d50f7dd4e0 JavaThread "Cache worker for cache directory md-rule (C:\Users\DeLL\.gradle\caches\7.4\md-rule)" [_thread_blocked, id=21204, stack(0x000000a516b00000,0x000000a516c00000)]
  0x000001d50f7e3510 JavaThread "Cache worker for file hash cache (E:\flutter project\Rider App\android\.gradle\7.4\fileHashes)" [_thread_blocked, id=16652, stack(0x000000a516c00000,0x000000a516d00000)]
  0x000001d50f7dcfd0 JavaThread "Cache worker for cache directory md-supplier (C:\Users\DeLL\.gradle\caches\7.4\md-supplier)" [_thread_blocked, id=22596, stack(0x000000a516d00000,0x000000a516e00000)]
  0x000001d50f7de410 JavaThread "Cache worker for execution history cache (C:\Users\DeLL\.gradle\caches\7.4\executionHistory)" [_thread_blocked, id=22392, stack(0x000000a516e00000,0x000000a516f00000)]
  0x000001d50f7e25e0 JavaThread "jar transforms" [_thread_blocked, id=13732, stack(0x000000a516700000,0x000000a516800000)]
  0x000001d50f7e16b0 JavaThread "Cache worker for file content cache (C:\Users\DeLL\.gradle\caches\7.4\fileContent)" [_thread_blocked, id=20336, stack(0x000000a516f00000,0x000000a517000000)]
  0x000001d50f7e0c90 JavaThread "Cache worker for kotlin-dsl (C:\Users\DeLL\.gradle\caches\7.4\kotlin-dsl)" [_thread_blocked, id=21536, stack(0x000000a517100000,0x000000a517200000)]
  0x000001d50f7e0270 JavaThread "jar transforms Thread 2" [_thread_blocked, id=22156, stack(0x000000a517200000,0x000000a517300000)]
  0x000001d50f7dee30 JavaThread "Cache worker for dependencies-accessors (E:\flutter project\Rider App\android\.gradle\7.4\dependencies-accessors)" [_thread_blocked, id=23168, stack(0x000000a517300000,0x000000a517400000)]
  0x000001d50f7de920 JavaThread "Cache worker for Build Output Cleanup Cache (E:\flutter\flutter\packages\flutter_tools\gradle\.gradle\buildOutputCleanup)" [_thread_blocked, id=19864, stack(0x000000a516600000,0x000000a516700000)]
  0x000001d50f7e11a0 JavaThread "jar transforms Thread 3" [_thread_blocked, id=12264, stack(0x000000a517000000,0x000000a517100000)]
  0x000001d507f84bc0 JavaThread "C2 CompilerThread1" daemon [_thread_blocked, id=8200, stack(0x000000a517400000,0x000000a517500000)]
  0x000001d50f7e1bc0 JavaThread "Memory manager" [_thread_blocked, id=22388, stack(0x000000a517500000,0x000000a517600000)]
  0x000001d50f7dfd60 JavaThread "jar transforms Thread 4" [_thread_blocked, id=21596, stack(0x000000a517600000,0x000000a517700000)]
  0x000001d50f7dac50 JavaThread "included builds" [_thread_blocked, id=19972, stack(0x000000a517700000,0x000000a517800000)]
  0x000001d50f7dbb80 JavaThread "Cache worker for execution history cache (E:\flutter\flutter\packages\flutter_tools\gradle\.gradle\7.4\executionHistory)" [_thread_blocked, id=21816, stack(0x000000a517f00000,0x000000a518000000)]
  0x000001d50f7dc090 JavaThread "Unconstrained build operations" [_thread_blocked, id=22236, stack(0x000000a518000000,0x000000a518100000)]
  0x000001d50f7d88e0 JavaThread "Unconstrained build operations Thread 2" [_thread_blocked, id=21780, stack(0x000000a518100000,0x000000a518200000)]
  0x000001d50f7d8df0 JavaThread "Unconstrained build operations Thread 3" [_thread_blocked, id=1124, stack(0x000000a518200000,0x000000a518300000)]
  0x000001d50fa03200 JavaThread "Unconstrained build operations Thread 4" [_thread_blocked, id=2256, stack(0x000000a518300000,0x000000a518400000)]
  0x000001d50fa027e0 JavaThread "Unconstrained build operations Thread 5" [_thread_blocked, id=14132, stack(0x000000a518400000,0x000000a518500000)]
  0x000001d50f9fd1d0 JavaThread "Unconstrained build operations Thread 6" [_thread_blocked, id=22480, stack(0x000000a518500000,0x000000a518600000)]
  0x000001d50f9feb20 JavaThread "Unconstrained build operations Thread 7" [_thread_blocked, id=14896, stack(0x000000a518600000,0x000000a518700000)]
  0x000001d50fa018b0 JavaThread "Unconstrained build operations Thread 8" [_thread_blocked, id=12632, stack(0x000000a518700000,0x000000a518800000)]
  0x000001d50f9fe100 JavaThread "Unconstrained build operations Thread 9" [_thread_blocked, id=13084, stack(0x000000a518800000,0x000000a518900000)]
  0x000001d50f9fe610 JavaThread "Unconstrained build operations Thread 10" [_thread_blocked, id=636, stack(0x000000a518900000,0x000000a518a00000)]
  0x000001d50f9fd6e0 JavaThread "Unconstrained build operations Thread 11" [_thread_blocked, id=23332, stack(0x000000a517800000,0x000000a517900000)]
  0x000001d50f9fdbf0 JavaThread "Unconstrained build operations Thread 12" [_thread_blocked, id=3124, stack(0x000000a517900000,0x000000a517a00000)]
  0x000001d50f9fccc0 JavaThread "Unconstrained build operations Thread 13" [_thread_blocked, id=3188, stack(0x000000a517a00000,0x000000a517b00000)]
  0x000001d50fa01dc0 JavaThread "Unconstrained build operations Thread 14" [_thread_blocked, id=6860, stack(0x000000a517b00000,0x000000a517c00000)]
  0x000001d50f9ff540 JavaThread "Unconstrained build operations Thread 15" [_thread_blocked, id=22188, stack(0x000000a517c00000,0x000000a517d00000)]
  0x000001d50f9ffa50 JavaThread "Unconstrained build operations Thread 16" [_thread_blocked, id=21908, stack(0x000000a517d00000,0x000000a517e00000)]
  0x000001d50fa03710 JavaThread "Unconstrained build operations Thread 17" [_thread_blocked, id=23036, stack(0x000000a517e00000,0x000000a517f00000)]
  0x000001d50fa02cf0 JavaThread "Unconstrained build operations Thread 18" [_thread_blocked, id=23024, stack(0x000000a518a00000,0x000000a518b00000)]
  0x000001d50fa00e90 JavaThread "Unconstrained build operations Thread 19" [_thread_blocked, id=3772, stack(0x000000a518b00000,0x000000a518c00000)]
  0x000001d50f9fff60 JavaThread "Unconstrained build operations Thread 20" [_thread_blocked, id=8804, stack(0x000000a518c00000,0x000000a518d00000)]
  0x000001d50fa00470 JavaThread "Unconstrained build operations Thread 21" [_thread_blocked, id=23404, stack(0x000000a518d00000,0x000000a518e00000)]
  0x000001d50fa00980 JavaThread "Unconstrained build operations Thread 22" [_thread_blocked, id=5124, stack(0x000000a518e00000,0x000000a518f00000)]
  0x000001d50fa013a0 JavaThread "Unconstrained build operations Thread 23" [_thread_blocked, id=23444, stack(0x000000a518f00000,0x000000a519000000)]
  0x000001d50fa022d0 JavaThread "Unconstrained build operations Thread 24" [_thread_blocked, id=21516, stack(0x000000a519000000,0x000000a519100000)]
  0x000001d50fa03c20 JavaThread "Unconstrained build operations Thread 25" [_thread_blocked, id=21676, stack(0x000000a519100000,0x000000a519200000)]
  0x000001d50fa04130 JavaThread "Unconstrained build operations Thread 26" [_thread_blocked, id=10620, stack(0x000000a519200000,0x000000a519300000)]
  0x000001d50fa04640 JavaThread "Unconstrained build operations Thread 27" [_thread_blocked, id=20248, stack(0x000000a519300000,0x000000a519400000)]
  0x000001d50f7d9d20 JavaThread "Unconstrained build operations Thread 28" [_thread_blocked, id=21848, stack(0x000000a519400000,0x000000a519500000)]
  0x000001d50f7d9300 JavaThread "Unconstrained build operations Thread 29" [_thread_blocked, id=22708, stack(0x000000a519500000,0x000000a519600000)]
  0x000001d50f7da230 JavaThread "Unconstrained build operations Thread 30" [_thread_blocked, id=6440, stack(0x000000a519600000,0x000000a519700000)]
  0x000001d50f7da740 JavaThread "Unconstrained build operations Thread 31" [_thread_blocked, id=22028, stack(0x000000a519700000,0x000000a519800000)]
  0x000001d50f7db160 JavaThread "Unconstrained build operations Thread 32" [_thread_blocked, id=3348, stack(0x000000a519800000,0x000000a519900000)]
  0x000001d50f7db670 JavaThread "Unconstrained build operations Thread 33" [_thread_blocked, id=21068, stack(0x000000a519900000,0x000000a519a00000)]
  0x000001d50f7d9810 JavaThread "Unconstrained build operations Thread 34" [_thread_blocked, id=17160, stack(0x000000a519a00000,0x000000a519b00000)]
  0x000001d50f88c4e0 JavaThread "Unconstrained build operations Thread 35" [_thread_blocked, id=23432, stack(0x000000a519b00000,0x000000a519c00000)]
  0x000001d50f888310 JavaThread "Unconstrained build operations Thread 36" [_thread_blocked, id=23388, stack(0x000000a519c00000,0x000000a519d00000)]
  0x000001d50f8869c0 JavaThread "Unconstrained build operations Thread 37" [_thread_blocked, id=22204, stack(0x000000a519d00000,0x000000a519e00000)]
  0x000001d50f889c60 JavaThread "Unconstrained build operations Thread 38" [_thread_blocked, id=21860, stack(0x000000a519e00000,0x000000a519f00000)]
  0x000001d50f88b5b0 JavaThread "Unconstrained build operations Thread 39" [_thread_blocked, id=1804, stack(0x000000a519f00000,0x000000a51a000000)]
  0x000001d50f8864b0 JavaThread "Unconstrained build operations Thread 40" [_thread_blocked, id=10852, stack(0x000000a51a000000,0x000000a51a100000)]
  0x000001d50f885fa0 JavaThread "Unconstrained build operations Thread 41" [_thread_blocked, id=18136, stack(0x000000a51a100000,0x000000a51a200000)]
  0x000001d50f88ab90 JavaThread "Unconstrained build operations Thread 42" [_thread_blocked, id=20980, stack(0x000000a51a200000,0x000000a51a300000)]
  0x000001d50f8878f0 JavaThread "Unconstrained build operations Thread 43" [_thread_blocked, id=11768, stack(0x000000a51a300000,0x000000a51a400000)]
  0x000001d50f88a680 JavaThread "Unconstrained build operations Thread 44" [_thread_blocked, id=18996, stack(0x000000a51a400000,0x000000a51a500000)]
  0x000001d50f88c9f0 JavaThread "Unconstrained build operations Thread 45" [_thread_blocked, id=5972, stack(0x000000a51a500000,0x000000a51a600000)]
  0x000001d50f889750 JavaThread "Unconstrained build operations Thread 46" [_thread_blocked, id=3716, stack(0x000000a51a600000,0x000000a51a700000)]
  0x000001d50f887e00 JavaThread "Unconstrained build operations Thread 47" [_thread_blocked, id=8488, stack(0x000000a51a700000,0x000000a51a800000)]
  0x000001d50f88cf00 JavaThread "Unconstrained build operations Thread 48" [_thread_blocked, id=23040, stack(0x000000a51a800000,0x000000a51a900000)]
  0x000001d50f88d410 JavaThread "Unconstrained build operations Thread 49" [_thread_blocked, id=18512, stack(0x000000a51a900000,0x000000a51aa00000)]
  0x000001d50f886ed0 JavaThread "Unconstrained build operations Thread 50" [_thread_blocked, id=20756, stack(0x000000a51aa00000,0x000000a51ab00000)]
  0x000001d50f88bac0 JavaThread "Unconstrained build operations Thread 51" [_thread_blocked, id=18076, stack(0x000000a51ab00000,0x000000a51ac00000)]
  0x000001d50f88d920 JavaThread "Unconstrained build operations Thread 52" [_thread_blocked, id=15144, stack(0x000000a51ac00000,0x000000a51ad00000)]
  0x000001d50f88b0a0 JavaThread "Unconstrained build operations Thread 53" [_thread_blocked, id=14028, stack(0x000000a51ad00000,0x000000a51ae00000)]
  0x000001d50f888d30 JavaThread "Unconstrained build operations Thread 54" [_thread_blocked, id=11796, stack(0x000000a51ae00000,0x000000a51af00000)]
  0x000001d50f88bfd0 JavaThread "Unconstrained build operations Thread 55" [_thread_blocked, id=12236, stack(0x000000a51af00000,0x000000a51b000000)]
  0x000001d50f888820 JavaThread "Unconstrained build operations Thread 56" [_thread_blocked, id=7084, stack(0x000000a51b000000,0x000000a51b100000)]
  0x000001d50f8873e0 JavaThread "Unconstrained build operations Thread 57" [_thread_blocked, id=5076, stack(0x000000a51b100000,0x000000a51b200000)]
  0x000001d50f88a170 JavaThread "Unconstrained build operations Thread 58" [_thread_blocked, id=8752, stack(0x000000a51b200000,0x000000a51b300000)]
  0x000001d50f889240 JavaThread "Unconstrained build operations Thread 59" [_thread_blocked, id=22648, stack(0x000000a51b300000,0x000000a51b400000)]
  0x000001d5078736d0 JavaThread "Unconstrained build operations Thread 60" [_thread_blocked, id=22692, stack(0x000000a51b400000,0x000000a51b500000)]
  0x000001d507874600 JavaThread "Unconstrained build operations Thread 61" [_thread_blocked, id=10260, stack(0x000000a51b500000,0x000000a51b600000)]
  0x000001d507873be0 JavaThread "Unconstrained build operations Thread 62" [_thread_blocked, id=23052, stack(0x000000a51b600000,0x000000a51b700000)]
  0x000001d5078740f0 JavaThread "Unconstrained build operations Thread 63" [_thread_blocked, id=8660, stack(0x000000a51b700000,0x000000a51b800000)]
  0x000001d507877390 JavaThread "Unconstrained build operations Thread 64" [_thread_blocked, id=7376, stack(0x000000a51b800000,0x000000a51b900000)]
  0x000001d507879700 JavaThread "Unconstrained build operations Thread 65" [_thread_blocked, id=20532, stack(0x000000a51b900000,0x000000a51ba00000)]
  0x000001d5078731c0 JavaThread "Unconstrained build operations Thread 66" [_thread_blocked, id=21760, stack(0x000000a51ba00000,0x000000a51bb00000)]
  0x000001d507874b10 JavaThread "Unconstrained build operations Thread 67" [_thread_blocked, id=8856, stack(0x000000a51bb00000,0x000000a51bc00000)]
  0x000001d507876e80 JavaThread "Unconstrained build operations Thread 68" [_thread_blocked, id=17068, stack(0x000000a51bc00000,0x000000a51bd00000)]
  0x000001d5078778a0 JavaThread "Unconstrained build operations Thread 69" [_thread_blocked, id=23456, stack(0x000000a51bd00000,0x000000a51be00000)]
  0x000001d5078791f0 JavaThread "Unconstrained build operations Thread 70" [_thread_blocked, id=11148, stack(0x000000a51be00000,0x000000a51bf00000)]
  0x000001d507877db0 JavaThread "Unconstrained build operations Thread 71" [_thread_blocked, id=21968, stack(0x000000a51bf00000,0x000000a51c000000)]
  0x000001d5078787d0 JavaThread "Unconstrained build operations Thread 72" [_thread_blocked, id=12748, stack(0x000000a51c000000,0x000000a51c100000)]
  0x000001d507875020 JavaThread "Unconstrained build operations Thread 73" [_thread_blocked, id=22720, stack(0x000000a51c100000,0x000000a51c200000)]
  0x000001d507875530 JavaThread "Unconstrained build operations Thread 74" [_thread_blocked, id=18348, stack(0x000000a51c200000,0x000000a51c300000)]
  0x000001d507875a40 JavaThread "Unconstrained build operations Thread 75" [_thread_blocked, id=7420, stack(0x000000a51c300000,0x000000a51c400000)]
  0x000001d5078727a0 JavaThread "Unconstrained build operations Thread 76" [_thread_blocked, id=23428, stack(0x000000a51c400000,0x000000a51c500000)]
  0x000001d5078782c0 JavaThread "Unconstrained build operations Thread 77" [_thread_blocked, id=19640, stack(0x000000a51c500000,0x000000a51c600000)]
  0x000001d507878ce0 JavaThread "Unconstrained build operations Thread 78" [_thread_blocked, id=11892, stack(0x000000a51c600000,0x000000a51c700000)]
  0x000001d507875f50 JavaThread "Unconstrained build operations Thread 79" [_thread_blocked, id=22624, stack(0x000000a51c700000,0x000000a51c800000)]
  0x000001d507876460 JavaThread "Unconstrained build operations Thread 80" [_thread_blocked, id=3960, stack(0x000000a51c800000,0x000000a51c900000)]
  0x000001d507876970 JavaThread "jar transforms Thread 5" [_thread_blocked, id=23532, stack(0x000000a51c900000,0x000000a51ca00000)]
  0x000001d507872cb0 JavaThread "jar transforms Thread 6" [_thread_blocked, id=9268, stack(0x000000a51ca00000,0x000000a51cb00000)]
  0x000001d507879c10 JavaThread "jar transforms Thread 7" [_thread_blocked, id=7820, stack(0x000000a51cb00000,0x000000a51cc00000)]
  0x000001d50787a120 JavaThread "jar transforms Thread 8" [_thread_blocked, id=4588, stack(0x000000a51cc00000,0x000000a51cd00000)]

Other Threads:
=>0x000001d50731e330 VMThread "VM Thread" [stack: 0x000000a514400000,0x000000a514500000] [id=22556]
  0x000001d5074e2f80 WatcherThread [stack: 0x000000a515000000,0x000000a515100000] [id=16516]
  0x000001d56b32de50 GCTaskThread "GC Thread#0" [stack: 0x000000a513f00000,0x000000a514000000] [id=19648]
  0x000001d50cd41a20 GCTaskThread "GC Thread#1" [stack: 0x000000a515200000,0x000000a515300000] [id=7252]
  0x000001d5077bebc0 GCTaskThread "GC Thread#2" [stack: 0x000000a515300000,0x000000a515400000] [id=12000]
  0x000001d507f87fb0 GCTaskThread "GC Thread#3" [stack: 0x000000a515400000,0x000000a515500000] [id=19608]
  0x000001d507f88270 GCTaskThread "GC Thread#4" [stack: 0x000000a515500000,0x000000a515600000] [id=22712]
  0x000001d507aeac90 GCTaskThread "GC Thread#5" [stack: 0x000000a515600000,0x000000a515700000] [id=22740]
  0x000001d50d833930 GCTaskThread "GC Thread#6" [stack: 0x000000a516100000,0x000000a516200000] [id=23300]
  0x000001d50d3a11a0 GCTaskThread "GC Thread#7" [stack: 0x000000a516200000,0x000000a516300000] [id=15040]
  0x000001d56b33ecb0 ConcurrentGCThread "G1 Main Marker" [stack: 0x000000a514000000,0x000000a514100000] [id=11240]
  0x000001d56b33fd80 ConcurrentGCThread "G1 Conc#0" [stack: 0x000000a514100000,0x000000a514200000] [id=16844]
  0x000001d50db6c440 ConcurrentGCThread "G1 Conc#1" [stack: 0x000000a516300000,0x000000a516400000] [id=22920]
  0x000001d56b38da40 ConcurrentGCThread "G1 Refine#0" [stack: 0x000000a514200000,0x000000a514300000] [id=2472]
  0x000001d56b38e380 ConcurrentGCThread "G1 Service" [stack: 0x000000a514300000,0x000000a514400000] [id=22552]

Threads with active compile tasks:
C2 CompilerThread0    15951 6809 %     4       java.util.zip.ZipFile$Source::initCEN @ 240 (591 bytes)
C1 CompilerThread0    15951 6825       3       java.net.URL::<init> (438 bytes)

VM state: at safepoint (normal execution)

VM Mutex/Monitor currently owned by a thread:  ([mutex/lock_event])
[0x000001d56b2cb800] Threads_lock - owner thread: 0x000001d50731e330
[0x000001d56b2cbbf0] Heap_lock - owner thread: 0x000001d56b33ecb0

Heap address: 0x0000000080000000, size: 2048 MB, Compressed Oops mode: 32-bit

CDS archive(s) not mapped
Compressed class space mapped at: 0x0000000100000000-0x0000000140000000, reserved size: 1073741824
Narrow klass base: 0x0000000000000000, Narrow klass shift: 3, Narrow klass range: 0x140000000

GC Precious Log:
 CPUs: 8 total, 8 available
 Memory: 16255M
 Large Page Support: Disabled
 NUMA Support: Disabled
 Compressed Oops: Enabled (32-bit)
 Heap Region Size: 1M
 Heap Min Capacity: 8M
 Heap Initial Capacity: 254M
 Heap Max Capacity: 2G
 Pre-touch: Disabled
 Parallel Workers: 8
 Concurrent Workers: 2
 Concurrent Refinement Workers: 8
 Periodic GC: Disabled

Heap:
 garbage-first heap   total 76800K, used 59654K [0x0000000080000000, 0x0000000100000000)
  region size 1024K, 9 young (9216K), 2 survivors (2048K)
 Metaspace       used 63016K, committed 63552K, reserved 1114112K
  class space    used 8571K, committed 8832K, reserved 1048576K

Heap Regions: E=young(eden), S=young(survivor), O=old, HS=humongous(starts), HC=humongous(continues), CS=collection set, F=free, OA=open archive, CA=closed archive, TAMS=top-at-mark-start (previous, next)
|   0|0x0000000080000000, 0x0000000080100000, 0x0000000080100000|100%| O|  |TAMS 0x0000000080100000, 0x0000000080000000| Untracked 
|   1|0x0000000080100000, 0x0000000080200000, 0x0000000080200000|100%| O|  |TAMS 0x0000000080200000, 0x0000000080100000| Updating 
|   2|0x0000000080200000, 0x0000000080300000, 0x0000000080300000|100%| O|  |TAMS 0x0000000080300000, 0x0000000080200000| Untracked 
|   3|0x0000000080300000, 0x0000000080400000, 0x0000000080400000|100%|HS|  |TAMS 0x0000000080400000, 0x0000000080300000| Complete 
|   4|0x0000000080400000, 0x0000000080500000, 0x0000000080500000|100%|HC|  |TAMS 0x0000000080500000, 0x0000000080400000| Complete 
|   5|0x0000000080500000, 0x0000000080600000, 0x0000000080600000|100%|HC|  |TAMS 0x0000000080600000, 0x0000000080500000| Complete 
|   6|0x0000000080600000, 0x0000000080700000, 0x0000000080700000|100%| O|  |TAMS 0x0000000080700000, 0x0000000080600000| Untracked 
|   7|0x0000000080700000, 0x0000000080800000, 0x0000000080800000|100%| O|  |TAMS 0x0000000080800000, 0x0000000080700000| Untracked 
|   8|0x0000000080800000, 0x0000000080900000, 0x0000000080900000|100%| O|  |TAMS 0x0000000080900000, 0x0000000080800000| Untracked 
|   9|0x0000000080900000, 0x0000000080a00000, 0x0000000080a00000|100%| O|  |TAMS 0x0000000080a00000, 0x0000000080900000| Untracked 
|  10|0x0000000080a00000, 0x0000000080a09400, 0x0000000080b00000|  3%| O|  |TAMS 0x0000000080a09400, 0x0000000080a00000| Updating 
|  11|0x0000000080b00000, 0x0000000080c00000, 0x0000000080c00000|100%| O|  |TAMS 0x0000000080c00000, 0x0000000080b00000| Untracked 
|  12|0x0000000080c00000, 0x0000000080d00000, 0x0000000080d00000|100%| O|  |TAMS 0x0000000080d00000, 0x0000000080c00000| Untracked 
|  13|0x0000000080d00000, 0x0000000080e00000, 0x0000000080e00000|100%| O|  |TAMS 0x0000000080e00000, 0x0000000080d00000| Untracked 
|  14|0x0000000080e00000, 0x0000000080f00000, 0x0000000080f00000|100%| O|  |TAMS 0x0000000080f00000, 0x0000000080e00000| Untracked 
|  15|0x0000000080f00000, 0x0000000081000000, 0x0000000081000000|100%| O|  |TAMS 0x0000000081000000, 0x0000000080f00000| Untracked 
|  16|0x0000000081000000, 0x0000000081100000, 0x0000000081100000|100%| O|  |TAMS 0x0000000081100000, 0x0000000081000000| Untracked 
|  17|0x0000000081100000, 0x0000000081200000, 0x0000000081200000|100%| O|  |TAMS 0x0000000081200000, 0x0000000081100000| Untracked 
|  18|0x0000000081200000, 0x0000000081300000, 0x0000000081300000|100%| O|  |TAMS 0x0000000081300000, 0x0000000081200000| Untracked 
|  19|0x0000000081300000, 0x0000000081400000, 0x0000000081400000|100%| O|  |TAMS 0x0000000081400000, 0x0000000081300000| Updating 
|  20|0x0000000081400000, 0x0000000081500000, 0x0000000081500000|100%| O|  |TAMS 0x0000000081500000, 0x0000000081400000| Untracked 
|  21|0x0000000081500000, 0x0000000081600000, 0x0000000081600000|100%| O|  |TAMS 0x0000000081600000, 0x0000000081500000| Updating 
|  22|0x0000000081600000, 0x0000000081700000, 0x0000000081700000|100%| O|  |TAMS 0x0000000081700000, 0x0000000081600000| Untracked 
|  23|0x0000000081700000, 0x0000000081800000, 0x0000000081800000|100%| O|  |TAMS 0x0000000081800000, 0x0000000081700000| Untracked 
|  24|0x0000000081800000, 0x0000000081900000, 0x0000000081900000|100%| O|  |TAMS 0x0000000081900000, 0x0000000081800000| Updating 
|  25|0x0000000081900000, 0x0000000081a00000, 0x0000000081a00000|100%| O|  |TAMS 0x0000000081a00000, 0x0000000081900000| Untracked 
|  26|0x0000000081a00000, 0x0000000081b00000, 0x0000000081b00000|100%| O|  |TAMS 0x0000000081b00000, 0x0000000081a00000| Untracked 
|  27|0x0000000081b00000, 0x0000000081c00000, 0x0000000081c00000|100%| O|  |TAMS 0x0000000081c00000, 0x0000000081b00000| Untracked 
|  28|0x0000000081c00000, 0x0000000081d00000, 0x0000000081d00000|100%| O|  |TAMS 0x0000000081d00000, 0x0000000081c00000| Updating 
|  29|0x0000000081d00000, 0x0000000081e00000, 0x0000000081e00000|100%| O|  |TAMS 0x0000000081e00000, 0x0000000081d00000| Untracked 
|  30|0x0000000081e00000, 0x0000000081f00000, 0x0000000081f00000|100%| O|  |TAMS 0x0000000081f00000, 0x0000000081e00000| Untracked 
|  31|0x0000000081f00000, 0x0000000082000000, 0x0000000082000000|100%| O|  |TAMS 0x0000000082000000, 0x0000000081f00000| Untracked 
|  32|0x0000000082000000, 0x0000000082100000, 0x0000000082100000|100%| O|  |TAMS 0x0000000082100000, 0x0000000082000000| Untracked 
|  33|0x0000000082100000, 0x0000000082200000, 0x0000000082200000|100%| O|  |TAMS 0x0000000082200000, 0x0000000082100000| Untracked 
|  34|0x0000000082200000, 0x0000000082300000, 0x0000000082300000|100%| O|  |TAMS 0x0000000082300000, 0x0000000082200000| Untracked 
|  35|0x0000000082300000, 0x0000000082400000, 0x0000000082400000|100%| O|  |TAMS 0x0000000082400000, 0x0000000082300000| Updating 
|  36|0x0000000082400000, 0x0000000082500000, 0x0000000082500000|100%| O|  |TAMS 0x0000000082500000, 0x0000000082400000| Untracked 
|  37|0x0000000082500000, 0x0000000082600000, 0x0000000082600000|100%| O|  |TAMS 0x0000000082600000, 0x0000000082500000| Untracked 
|  38|0x0000000082600000, 0x0000000082700000, 0x0000000082700000|100%| O|  |TAMS 0x0000000082700000, 0x0000000082600000| Untracked 
|  39|0x0000000082700000, 0x0000000082800000, 0x0000000082800000|100%| O|  |TAMS 0x0000000082800000, 0x0000000082700000| Untracked 
|  40|0x0000000082800000, 0x0000000082900000, 0x0000000082900000|100%| O|  |TAMS 0x0000000082900000, 0x0000000082800000| Untracked 
|  41|0x0000000082900000, 0x0000000082a00000, 0x0000000082a00000|100%| O|  |TAMS 0x0000000082a00000, 0x0000000082900000| Untracked 
|  42|0x0000000082a00000, 0x0000000082b00000, 0x0000000082b00000|100%| O|  |TAMS 0x0000000082b00000, 0x0000000082a00000| Untracked 
|  43|0x0000000082b00000, 0x0000000082ba7600, 0x0000000082c00000| 65%| O|  |TAMS 0x0000000082ba7600, 0x0000000082b00000| Updating 
|  44|0x0000000082c00000, 0x0000000082d00000, 0x0000000082d00000|100%|HS|  |TAMS 0x0000000082c00000, 0x0000000082c00000| Complete 
|  45|0x0000000082d00000, 0x0000000082e00000, 0x0000000082e00000|100%|HS|  |TAMS 0x0000000082d00000, 0x0000000082d00000| Complete 
|  46|0x0000000082e00000, 0x0000000082f00000, 0x0000000082f00000|100%|HC|  |TAMS 0x0000000082e00000, 0x0000000082e00000| Complete 
|  47|0x0000000082f00000, 0x0000000083000000, 0x0000000083000000|100%|HS|  |TAMS 0x0000000082f00000, 0x0000000082f00000| Complete 
|  48|0x0000000083000000, 0x0000000083100000, 0x0000000083100000|100%|HS|  |TAMS 0x0000000083000000, 0x0000000083000000| Complete 
|  49|0x0000000083100000, 0x0000000083200000, 0x0000000083200000|100%|HC|  |TAMS 0x0000000083100000, 0x0000000083100000| Complete 
|  50|0x0000000083200000, 0x0000000083300000, 0x0000000083300000|100%|HC|  |TAMS 0x0000000083200000, 0x0000000083200000| Complete 
|  51|0x0000000083300000, 0x0000000083400000, 0x0000000083400000|100%|HC|  |TAMS 0x0000000083300000, 0x0000000083300000| Complete 
|  52|0x0000000083400000, 0x0000000083500000, 0x0000000083500000|100%|HS|  |TAMS 0x0000000083400000, 0x0000000083400000| Complete 
|  53|0x0000000083500000, 0x0000000083500000, 0x0000000083600000|  0%| F|  |TAMS 0x0000000083500000, 0x0000000083500000| Untracked 
|  54|0x0000000083600000, 0x0000000083600000, 0x0000000083700000|  0%| F|  |TAMS 0x0000000083600000, 0x0000000083600000| Untracked 
|  55|0x0000000083700000, 0x0000000083700000, 0x0000000083800000|  0%| F|  |TAMS 0x0000000083700000, 0x0000000083700000| Untracked 
|  56|0x0000000083800000, 0x0000000083800000, 0x0000000083900000|  0%| F|  |TAMS 0x0000000083800000, 0x0000000083800000| Untracked 
|  57|0x0000000083900000, 0x0000000083900000, 0x0000000083a00000|  0%| F|  |TAMS 0x0000000083900000, 0x0000000083900000| Untracked 
|  58|0x0000000083a00000, 0x0000000083a00000, 0x0000000083b00000|  0%| F|  |TAMS 0x0000000083a00000, 0x0000000083a00000| Untracked 
|  59|0x0000000083b00000, 0x0000000083b00000, 0x0000000083c00000|  0%| F|  |TAMS 0x0000000083b00000, 0x0000000083b00000| Untracked 
|  60|0x0000000083c00000, 0x0000000083c00000, 0x0000000083d00000|  0%| F|  |TAMS 0x0000000083c00000, 0x0000000083c00000| Untracked 
|  61|0x0000000083d00000, 0x0000000083d00000, 0x0000000083e00000|  0%| F|  |TAMS 0x0000000083d00000, 0x0000000083d00000| Untracked 
|  62|0x0000000083e00000, 0x0000000083e00000, 0x0000000083f00000|  0%| F|  |TAMS 0x0000000083e00000, 0x0000000083e00000| Untracked 
|  63|0x0000000083f00000, 0x0000000083f00000, 0x0000000084000000|  0%| F|  |TAMS 0x0000000083f00000, 0x0000000083f00000| Untracked 
|  64|0x0000000084000000, 0x0000000084000000, 0x0000000084100000|  0%| F|  |TAMS 0x0000000084000000, 0x0000000084000000| Untracked 
| 204|0x000000008cc00000, 0x000000008cc00000, 0x000000008cd00000|  0%| F|  |TAMS 0x000000008cc00000, 0x000000008cc00000| Untracked 
| 205|0x000000008cd00000, 0x000000008cdd03d0, 0x000000008ce00000| 81%| E|  |TAMS 0x000000008cd00000, 0x000000008cd00000| Complete 
| 206|0x000000008ce00000, 0x000000008cf00000, 0x000000008cf00000|100%| E|  |TAMS 0x000000008ce00000, 0x000000008ce00000| Complete 
| 207|0x000000008cf00000, 0x000000008d000000, 0x000000008d000000|100%| E|CS|TAMS 0x000000008cf00000, 0x000000008cf00000| Complete 
| 208|0x000000008d000000, 0x000000008d090e50, 0x000000008d100000| 56%| S|CS|TAMS 0x000000008d000000, 0x000000008d000000| Complete 
| 209|0x000000008d100000, 0x000000008d200000, 0x000000008d200000|100%| S|CS|TAMS 0x000000008d100000, 0x000000008d100000| Complete 
| 210|0x000000008d200000, 0x000000008d300000, 0x000000008d300000|100%| E|CS|TAMS 0x000000008d200000, 0x000000008d200000| Complete 
| 211|0x000000008d300000, 0x000000008d400000, 0x000000008d400000|100%| E|CS|TAMS 0x000000008d300000, 0x000000008d300000| Complete 
| 212|0x000000008d400000, 0x000000008d500000, 0x000000008d500000|100%| E|CS|TAMS 0x000000008d400000, 0x000000008d400000| Complete 
| 253|0x000000008fd00000, 0x000000008fe00000, 0x000000008fe00000|100%| E|CS|TAMS 0x000000008fd00000, 0x000000008fd00000| Complete 

Card table byte_map: [0x000001d500000000,0x000001d500400000] _byte_map_base: 0x000001d4ffc00000

Marking Bits (Prev, Next): (CMBitMap*) 0x000001d56b32e3c0, (CMBitMap*) 0x000001d56b32e380
 Prev Bits: [0x000001d502800000, 0x000001d504800000)
 Next Bits: [0x000001d500800000, 0x000001d502800000)

Polling page: 0x000001d56b140000

Metaspace:

Usage:
  Non-class:     53.17 MB used.
      Class:      8.37 MB used.
       Both:     61.54 MB used.

Virtual space:
  Non-class space:       64.00 MB reserved,      53.44 MB ( 83%) committed,  1 nodes.
      Class space:        1.00 GB reserved,       8.62 MB ( <1%) committed,  1 nodes.
             Both:        1.06 GB reserved,      62.06 MB (  6%) committed. 

Chunk freelists:
   Non-Class:  9.73 MB
       Class:  7.28 MB
        Both:  17.01 MB

MaxMetaspaceSize: unlimited
CompressedClassSpaceSize: 1.00 GB
Initial GC threshold: 21.00 MB
Current GC threshold: 103.25 MB
CDS: off
MetaspaceReclaimPolicy: balanced
 - commit_granule_bytes: 65536.
 - commit_granule_words: 8192.
 - virtual_space_node_default_size: 8388608.
 - enlarge_chunks_in_place: 1.
 - new_chunks_are_fully_committed: 0.
 - uncommit_free_chunks: 1.
 - use_allocation_guard: 0.
 - handle_deallocations: 1.


Internal statistics:

num_allocs_failed_limit: 8.
num_arena_births: 576.
num_arena_deaths: 0.
num_vsnodes_births: 2.
num_vsnodes_deaths: 0.
num_space_committed: 993.
num_space_uncommitted: 0.
num_chunks_returned_to_freelist: 8.
num_chunks_taken_from_freelist: 2663.
num_chunk_merges: 2.
num_chunk_splits: 1781.
num_chunks_enlarged: 1237.
num_inconsistent_stats: 0.

CodeHeap 'non-profiled nmethods': size=120000Kb used=3628Kb max_used=3628Kb free=116372Kb
 bounds [0x000001d577aa0000, 0x000001d577e30000, 0x000001d57efd0000]
CodeHeap 'profiled nmethods': size=120000Kb used=11468Kb max_used=11468Kb free=108532Kb
 bounds [0x000001d56ffd0000, 0x000001d570b10000, 0x000001d577500000]
CodeHeap 'non-nmethods': size=5760Kb used=2335Kb max_used=2406Kb free=3425Kb
 bounds [0x000001d577500000, 0x000001d577770000, 0x000001d577aa0000]
 total_blobs=6930 nmethods=6072 adapters=770
 compilation: enabled
              stopped_count=0, restarted_count=0
 full_count=0

Compilation events (20 events):
Event: 15.805 Thread 0x000001d507370b10 nmethod 6815 0x000001d570afc510 code [0x000001d570afc6a0, 0x000001d570afc7e8]
Event: 15.810 Thread 0x000001d507370b10 6816       3       sun.net.util.IPAddressUtil::scan (62 bytes)
Event: 15.811 Thread 0x000001d507370b10 nmethod 6816 0x000001d570afc890 code [0x000001d570afcae0, 0x000001d570afd408]
Event: 15.811 Thread 0x000001d507370b10 6817       3       sun.net.util.IPAddressUtil::checkExternalForm (69 bytes)
Event: 15.812 Thread 0x000001d507370b10 nmethod 6817 0x000001d570afd810 code [0x000001d570afdae0, 0x000001d570afe798]
Event: 15.814 Thread 0x000001d507370b10 6818       3       jdk.internal.loader.URLClassPath$3::run (172 bytes)
Event: 15.816 Thread 0x000001d507370b10 nmethod 6818 0x000001d570afec10 code [0x000001d570afef40, 0x000001d570b000e8]
Event: 15.816 Thread 0x000001d507370b10 6821   !   3       jdk.internal.loader.URLClassPath$JarLoader$1::run (175 bytes)
Event: 15.817 Thread 0x000001d507370b10 nmethod 6821 0x000001d570b00790 code [0x000001d570b009c0, 0x000001d570b01118]
Event: 15.817 Thread 0x000001d507370b10 6819       3       jdk.internal.loader.URLClassPath$Loader::<init> (10 bytes)
Event: 15.817 Thread 0x000001d507370b10 nmethod 6819 0x000001d570b01590 code [0x000001d570b01720, 0x000001d570b018d8]
Event: 15.817 Thread 0x000001d507370b10 6820       3       jdk.internal.loader.URLClassPath$JarLoader::<init> (67 bytes)
Event: 15.819 Thread 0x000001d507370b10 nmethod 6820 0x000001d570b01990 code [0x000001d570b01c20, 0x000001d570b02818]
Event: 15.819 Thread 0x000001d507370b10 6822       3       jdk.internal.loader.URLClassPath$JarLoader::getJarFile (102 bytes)
Event: 15.820 Thread 0x000001d507370b10 nmethod 6822 0x000001d570b02c90 code [0x000001d570b02f60, 0x000001d570b03c28]
Event: 15.820 Thread 0x000001d507370b10 6823       3       jdk.internal.loader.URLClassPath$JarLoader::isOptimizable (10 bytes)
Event: 15.820 Thread 0x000001d507370b10 nmethod 6823 0x000001d570b04110 code [0x000001d570b042c0, 0x000001d570b04428]
Event: 15.839 Thread 0x000001d507f84bc0 6824       4       java.io.ByteArrayOutputStream::ensureCapacity (32 bytes)
Event: 15.842 Thread 0x000001d507370b10 6825       3       java.net.URL::<init> (438 bytes)
Event: 15.844 Thread 0x000001d507f84bc0 nmethod 6824 0x000001d577e2a890 code [0x000001d577e2aa20, 0x000001d577e2ae78]

GC Heap History (20 events):
Event: 11.003 GC heap before
{Heap before GC invocations=12 (full 0):
 garbage-first heap   total 68608K, used 52662K [0x0000000080000000, 0x0000000100000000)
  region size 1024K, 24 young (24576K), 3 survivors (3072K)
 Metaspace       used 47574K, committed 48000K, reserved 1114112K
  class space    used 6265K, committed 6464K, reserved 1048576K
}
Event: 11.009 GC heap after
{Heap after GC invocations=13 (full 0):
 garbage-first heap   total 68608K, used 32719K [0x0000000080000000, 0x0000000100000000)
  region size 1024K, 2 young (2048K), 2 survivors (2048K)
 Metaspace       used 47574K, committed 48000K, reserved 1114112K
  class space    used 6265K, committed 6464K, reserved 1048576K
}
Event: 11.491 GC heap before
{Heap before GC invocations=13 (full 0):
 garbage-first heap   total 68608K, used 53199K [0x0000000080000000, 0x0000000100000000)
  region size 1024K, 22 young (22528K), 2 survivors (2048K)
 Metaspace       used 50958K, committed 51456K, reserved 1114112K
  class space    used 6790K, committed 7040K, reserved 1048576K
}
Event: 11.497 GC heap after
{Heap after GC invocations=14 (full 0):
 garbage-first heap   total 68608K, used 33623K [0x0000000080000000, 0x0000000100000000)
  region size 1024K, 3 young (3072K), 3 survivors (3072K)
 Metaspace       used 50958K, committed 51456K, reserved 1114112K
  class space    used 6790K, committed 7040K, reserved 1048576K
}
Event: 12.333 GC heap before
{Heap before GC invocations=15 (full 0):
 garbage-first heap   total 68608K, used 54103K [0x0000000080000000, 0x0000000100000000)
  region size 1024K, 23 young (23552K), 3 survivors (3072K)
 Metaspace       used 53014K, committed 53440K, reserved 1114112K
  class space    used 7097K, committed 7296K, reserved 1048576K
}
Event: 12.338 GC heap after
{Heap after GC invocations=16 (full 0):
 garbage-first heap   total 68608K, used 35115K [0x0000000080000000, 0x0000000100000000)
  region size 1024K, 3 young (3072K), 3 survivors (3072K)
 Metaspace       used 53014K, committed 53440K, reserved 1114112K
  class space    used 7097K, committed 7296K, reserved 1048576K
}
Event: 12.668 GC heap before
{Heap before GC invocations=16 (full 0):
 garbage-first heap   total 68608K, used 54571K [0x0000000080000000, 0x0000000100000000)
  region size 1024K, 22 young (22528K), 3 survivors (3072K)
 Metaspace       used 55634K, committed 56064K, reserved 1114112K
  class space    used 7442K, committed 7616K, reserved 1048576K
}
Event: 12.672 GC heap after
{Heap after GC invocations=17 (full 0):
 garbage-first heap   total 68608K, used 35859K [0x0000000080000000, 0x0000000100000000)
  region size 1024K, 3 young (3072K), 3 survivors (3072K)
 Metaspace       used 55634K, committed 56064K, reserved 1114112K
  class space    used 7442K, committed 7616K, reserved 1048576K
}
Event: 13.243 GC heap before
{Heap before GC invocations=18 (full 0):
 garbage-first heap   total 68608K, used 54291K [0x0000000080000000, 0x0000000100000000)
  region size 1024K, 21 young (21504K), 3 survivors (3072K)
 Metaspace       used 57634K, committed 58112K, reserved 1114112K
  class space    used 7720K, committed 7936K, reserved 1048576K
}
Event: 13.247 GC heap after
{Heap after GC invocations=19 (full 0):
 garbage-first heap   total 68608K, used 37076K [0x0000000080000000, 0x0000000100000000)
  region size 1024K, 2 young (2048K), 2 survivors (2048K)
 Metaspace       used 57634K, committed 58112K, reserved 1114112K
  class space    used 7720K, committed 7936K, reserved 1048576K
}
Event: 13.791 GC heap before
{Heap before GC invocations=19 (full 0):
 garbage-first heap   total 68608K, used 54484K [0x0000000080000000, 0x0000000100000000)
  region size 1024K, 19 young (19456K), 2 survivors (2048K)
 Metaspace       used 59568K, committed 60032K, reserved 1114112K
  class space    used 8048K, committed 8256K, reserved 1048576K
}
Event: 13.795 GC heap after
{Heap after GC invocations=20 (full 0):
 garbage-first heap   total 68608K, used 38334K [0x0000000080000000, 0x0000000100000000)
  region size 1024K, 3 young (3072K), 3 survivors (3072K)
 Metaspace       used 59568K, committed 60032K, reserved 1114112K
  class space    used 8048K, committed 8256K, reserved 1048576K
}
Event: 14.364 GC heap before
{Heap before GC invocations=21 (full 0):
 garbage-first heap   total 71680K, used 55742K [0x0000000080000000, 0x0000000100000000)
  region size 1024K, 20 young (20480K), 3 survivors (3072K)
 Metaspace       used 61565K, committed 62080K, reserved 1114112K
  class space    used 8400K, committed 8640K, reserved 1048576K
}
Event: 14.370 GC heap after
{Heap after GC invocations=22 (full 0):
 garbage-first heap   total 71680K, used 39504K [0x0000000080000000, 0x0000000100000000)
  region size 1024K, 3 young (3072K), 3 survivors (3072K)
 Metaspace       used 61565K, committed 62080K, reserved 1114112K
  class space    used 8400K, committed 8640K, reserved 1048576K
}
Event: 15.275 GC heap before
{Heap before GC invocations=22 (full 0):
 garbage-first heap   total 71680K, used 57936K [0x0000000080000000, 0x0000000100000000)
  region size 1024K, 21 young (21504K), 3 survivors (3072K)
 Metaspace       used 62763K, committed 63232K, reserved 1114112K
  class space    used 8564K, committed 8768K, reserved 1048576K
}
Event: 15.281 GC heap after
{Heap after GC invocations=23 (full 0):
 garbage-first heap   total 71680K, used 43586K [0x0000000080000000, 0x0000000100000000)
  region size 1024K, 3 young (3072K), 3 survivors (3072K)
 Metaspace       used 62763K, committed 63232K, reserved 1114112K
  class space    used 8564K, committed 8768K, reserved 1048576K
}
Event: 15.660 GC heap before
{Heap before GC invocations=24 (full 0):
 garbage-first heap   total 76800K, used 55874K [0x0000000080000000, 0x0000000100000000)
  region size 1024K, 16 young (16384K), 3 survivors (3072K)
 Metaspace       used 62972K, committed 63488K, reserved 1114112K
  class space    used 8569K, committed 8832K, reserved 1048576K
}
Event: 15.667 GC heap after
{Heap after GC invocations=25 (full 0):
 garbage-first heap   total 76800K, used 45303K [0x0000000080000000, 0x0000000100000000)
  region size 1024K, 2 young (2048K), 2 survivors (2048K)
 Metaspace       used 62972K, committed 63488K, reserved 1114112K
  class space    used 8569K, committed 8832K, reserved 1048576K
}
Event: 15.773 GC heap before
{Heap before GC invocations=25 (full 0):
 garbage-first heap   total 76800K, used 47351K [0x0000000080000000, 0x0000000100000000)
  region size 1024K, 6 young (6144K), 2 survivors (2048K)
 Metaspace       used 63002K, committed 63552K, reserved 1114112K
  class space    used 8571K, committed 8832K, reserved 1048576K
}
Event: 15.775 GC heap after
{Heap after GC invocations=26 (full 0):
 garbage-first heap   total 76800K, used 45318K [0x0000000080000000, 0x0000000100000000)
  region size 1024K, 2 young (2048K), 2 survivors (2048K)
 Metaspace       used 63002K, committed 63552K, reserved 1114112K
  class space    used 8571K, committed 8832K, reserved 1048576K
}

Dll operation events (2 events):
Event: 0.008 Loaded shared library C:\Program Files\Android\Android Studio\jbr\bin\java.dll
Event: 0.469 Loaded shared library C:\Program Files\Android\Android Studio\jbr\bin\verify.dll

Deoptimization events (20 events):
Event: 15.526 Thread 0x000001d50f7da740 DEOPT PACKING pc=0x000001d57036c6d4 sp=0x000000a5197fd260
Event: 15.526 Thread 0x000001d50f7da740 DEOPT UNPACKING pc=0x000001d577557143 sp=0x000000a5197fc7b8 mode 0
Event: 15.549 Thread 0x000001d50d6123c0 Uncommon trap: trap_request=0xffffff45 fr.pc=0x000001d577d8ff34 relative=0x00000000000002f4
Event: 15.549 Thread 0x000001d50d6123c0 Uncommon trap: reason=unstable_if action=reinterpret pc=0x000001d577d8ff34 method=org.gradle.internal.snapshot.PathUtil.equalChars(CCLorg/gradle/internal/snapshot/CaseSensitivity;)Z @ 11 c2
Event: 15.549 Thread 0x000001d50d6123c0 DEOPT PACKING pc=0x000001d577d8ff34 sp=0x000000a515df9250
Event: 15.549 Thread 0x000001d50d6123c0 DEOPT UNPACKING pc=0x000001d5775569a3 sp=0x000000a515df9200 mode 2
Event: 15.550 Thread 0x000001d50d6123c0 Uncommon trap: trap_request=0xffffff45 fr.pc=0x000001d577bd6ec4 relative=0x0000000000000744
Event: 15.550 Thread 0x000001d50d6123c0 Uncommon trap: reason=unstable_if action=reinterpret pc=0x000001d577bd6ec4 method=org.gradle.internal.snapshot.VfsRelativePath.hasPrefix(Ljava/lang/String;Lorg/gradle/internal/snapshot/CaseSensitivity;)Z @ 105 c2
Event: 15.550 Thread 0x000001d50d6123c0 DEOPT PACKING pc=0x000001d577bd6ec4 sp=0x000000a515df92f0
Event: 15.550 Thread 0x000001d50d6123c0 DEOPT UNPACKING pc=0x000001d5775569a3 sp=0x000000a515df9280 mode 2
Event: 15.636 Thread 0x000001d507872cb0 DEOPT PACKING pc=0x000001d57036c6d4 sp=0x000000a51cafe9e0
Event: 15.636 Thread 0x000001d507872cb0 DEOPT UNPACKING pc=0x000001d577557143 sp=0x000000a51cafdf38 mode 0
Event: 15.647 Thread 0x000001d507872cb0 DEOPT PACKING pc=0x000001d57036c6d4 sp=0x000000a51cafea00
Event: 15.647 Thread 0x000001d507872cb0 DEOPT UNPACKING pc=0x000001d577557143 sp=0x000000a51cafdf58 mode 0
Event: 15.759 Thread 0x000001d50d6123c0 DEOPT PACKING pc=0x000001d5708742d1 sp=0x000000a515df9580
Event: 15.759 Thread 0x000001d50d6123c0 DEOPT UNPACKING pc=0x000001d577557143 sp=0x000000a515df8a78 mode 0
Event: 15.765 Thread 0x000001d50d6123c0 DEOPT PACKING pc=0x000001d5708742d1 sp=0x000000a515df9540
Event: 15.765 Thread 0x000001d50d6123c0 DEOPT UNPACKING pc=0x000001d577557143 sp=0x000000a515df8a38 mode 0
Event: 15.790 Thread 0x000001d50d6123c0 DEOPT PACKING pc=0x000001d57008a03d sp=0x000000a515df7070
Event: 15.790 Thread 0x000001d50d6123c0 DEOPT UNPACKING pc=0x000001d577557143 sp=0x000000a515df64f8 mode 0

Classes unloaded (0 events):
No events

Classes redefined (0 events):
No events

Internal exceptions (20 events):
Event: 12.034 Thread 0x000001d50d6123c0 Exception <a 'java/lang/ClassNotFoundException'{0x000000008d0d6e08}: org/gradle/api/internal/project/DefaultProjectCustomizer> (0x000000008d0d6e08) 
thrown [s\src\hotspot\share\classfile\systemDictionary.cpp, line 256]
Event: 12.041 Thread 0x000001d50d6123c0 Exception <a 'java/lang/ClassNotFoundException'{0x000000008cf847d8}: org/gradle/api/internal/project/DefaultProject_DecoratedCustomizer> (0x000000008cf847d8) 
thrown [s\src\hotspot\share\classfile\systemDictionary.cpp, line 256]
Event: 12.057 Thread 0x000001d50d6123c0 Exception <a 'java/lang/ClassNotFoundException'{0x000000008ce5d808}: org/gradle/api/plugins/internal/DefaultBasePluginConventionBeanInfo> (0x000000008ce5d808) 
thrown [s\src\hotspot\share\classfile\systemDictionary.cpp, line 256]
Event: 12.059 Thread 0x000001d50d6123c0 Exception <a 'java/lang/ClassNotFoundException'{0x000000008ce75948}: org/gradle/api/plugins/BasePluginConventionBeanInfo> (0x000000008ce75948) 
thrown [s\src\hotspot\share\classfile\systemDictionary.cpp, line 256]
Event: 12.060 Thread 0x000001d50d6123c0 Exception <a 'java/lang/ClassNotFoundException'{0x000000008ce8d7e0}: org/gradle/api/plugins/BasePluginConventionCustomizer> (0x000000008ce8d7e0) 
thrown [s\src\hotspot\share\classfile\systemDictionary.cpp, line 256]
Event: 12.062 Thread 0x000001d50d6123c0 Exception <a 'java/lang/ClassNotFoundException'{0x000000008ceb0270}: org/gradle/api/plugins/internal/DefaultBasePluginConventionCustomizer> (0x000000008ceb0270) 
thrown [s\src\hotspot\share\classfile\systemDictionary.cpp, line 256]
Event: 12.067 Thread 0x000001d50d6123c0 Exception <a 'java/lang/ClassNotFoundException'{0x000000008cd03838}: org/gradle/api/plugins/internal/DefaultJavaPluginConventionBeanInfo> (0x000000008cd03838) 
thrown [s\src\hotspot\share\classfile\systemDictionary.cpp, line 256]
Event: 12.068 Thread 0x000001d50d6123c0 Exception <a 'java/lang/ClassNotFoundException'{0x000000008cd1b6f8}: org/gradle/api/plugins/JavaPluginConventionBeanInfo> (0x000000008cd1b6f8) 
thrown [s\src\hotspot\share\classfile\systemDictionary.cpp, line 256]
Event: 12.069 Thread 0x000001d50d6123c0 Exception <a 'java/lang/ClassNotFoundException'{0x000000008cd33740}: org/gradle/api/plugins/JavaPluginConventionCustomizer> (0x000000008cd33740) 
thrown [s\src\hotspot\share\classfile\systemDictionary.cpp, line 256]
Event: 12.072 Thread 0x000001d50d6123c0 Exception <a 'java/lang/ClassNotFoundException'{0x000000008cd5fe48}: org/gradle/api/plugins/internal/DefaultJavaPluginConventionCustomizer> (0x000000008cd5fe48) 
thrown [s\src\hotspot\share\classfile\systemDictionary.cpp, line 256]
Event: 13.210 Thread 0x000001d50d6123c0 Exception <a 'java/lang/IncompatibleClassChangeError'{0x000000008313a8c8}: Found class java.lang.Object, but interface was expected> (0x000000008313a8c8) 
thrown [s\src\hotspot\share\interpreter\linkResolver.cpp, line 838]
Event: 13.211 Thread 0x000001d50d6123c0 Exception <a 'java/lang/NoSuchMethodError'{0x0000000083142378}: 'int java.lang.invoke.DirectMethodHandle$Holder.invokeSpecialIFC(java.lang.Object, java.lang.Object, java.lang.Object, java.lang.Object, java.lang.Object)'> (0x0000000083142378) 
thrown [s\src\hotspot\share\interpreter\linkResolver.cpp, line 771]
Event: 13.390 Thread 0x000001d50d6123c0 Exception <a 'java/lang/NoSuchMethodError'{0x000000008d292ce8}: 'int java.lang.invoke.DirectMethodHandle$Holder.invokeStatic(java.lang.Object)'> (0x000000008d292ce8) 
thrown [s\src\hotspot\share\interpreter\linkResolver.cpp, line 771]
Event: 13.390 Thread 0x000001d50d6123c0 Exception <a 'java/lang/NoSuchMethodError'{0x000000008d2970d8}: 'int java.lang.invoke.DirectMethodHandle$Holder.invokeStaticInit(java.lang.Object)'> (0x000000008d2970d8) 
thrown [s\src\hotspot\share\interpreter\linkResolver.cpp, line 771]
Event: 13.445 Thread 0x000001d50d6123c0 Exception <a 'java/lang/NoSuchMethodError'{0x000000008d00ad98}: 'void java.lang.invoke.DirectMethodHandle$Holder.invokeStatic(java.lang.Object, java.lang.Object, java.lang.Object, int, java.lang.Object)'> (0x000000008d00ad98) 
thrown [s\src\hotspot\share\interpreter\linkResolver.cpp, line 771]
Event: 13.608 Thread 0x000001d50d6123c0 Exception <a 'java/lang/NoSuchMethodError'{0x00000000836478d0}: 'java.lang.Object java.lang.invoke.DirectMethodHandle$Holder.newInvokeSpecial(java.lang.Object, java.lang.Object, int)'> (0x00000000836478d0) 
thrown [s\src\hotspot\share\interpreter\linkResolver.cpp, line 771]
Event: 14.088 Thread 0x000001d50d6123c0 Exception <a 'java/lang/NoSuchMethodError'{0x000000008cc7fcf8}: 'int java.lang.invoke.DirectMethodHandle$Holder.invokeInterface(java.lang.Object, java.lang.Object, java.lang.Object, java.lang.Object)'> (0x000000008cc7fcf8) 
thrown [s\src\hotspot\share\interpreter\linkResolver.cpp, line 771]
Event: 14.328 Thread 0x000001d50f7db160 Exception <a 'java/lang/NoSuchMethodError'{0x0000000083534d80}: 'int java.lang.invoke.DirectMethodHandle$Holder.invokeSpecial(java.lang.Object, java.lang.Object, java.lang.Object, java.lang.Object, java.lang.Object)'> (0x0000000083534d80) 
thrown [s\src\hotspot\share\interpreter\linkResolver.cpp, line 771]
Event: 14.744 Thread 0x000001d50f7db160 Exception <a 'java/lang/NoSuchMethodError'{0x000000008cd1ac40}: 'void java.lang.invoke.DirectMethodHandle$Holder.invokeInterface(java.lang.Object, java.lang.Object, java.lang.Object, java.lang.Object)'> (0x000000008cd1ac40) 
thrown [s\src\hotspot\share\interpreter\linkResolver.cpp, line 771]
Event: 14.800 Thread 0x000001d50f7da230 Exception <a 'java/lang/NoSuchMethodError'{0x000000008cdbc7b0}: static Lorg/gradle/plugin/devel/PluginDeclaration;.<clinit>()V> (0x000000008cdbc7b0) 
thrown [s\src\hotspot\share\prims\jni.cpp, line 1108]

VM Operations (20 events):
Event: 14.324 Executing VM operation: HandshakeAllThreads done
Event: 14.364 Executing VM operation: G1CollectForAllocation
Event: 14.371 Executing VM operation: G1CollectForAllocation done
Event: 14.905 Executing VM operation: ICBufferFull
Event: 14.905 Executing VM operation: ICBufferFull done
Event: 15.220 Executing VM operation: HandshakeAllThreads
Event: 15.221 Executing VM operation: HandshakeAllThreads done
Event: 15.237 Executing VM operation: ICBufferFull
Event: 15.237 Executing VM operation: ICBufferFull done
Event: 15.275 Executing VM operation: G1CollectForAllocation
Event: 15.282 Executing VM operation: G1CollectForAllocation done
Event: 15.349 Executing VM operation: G1PauseRemark
Event: 15.353 Executing VM operation: G1PauseRemark done
Event: 15.386 Executing VM operation: G1PauseCleanup
Event: 15.386 Executing VM operation: G1PauseCleanup done
Event: 15.660 Executing VM operation: G1CollectForAllocation
Event: 15.667 Executing VM operation: G1CollectForAllocation done
Event: 15.772 Executing VM operation: G1TryInitiateConcMark
Event: 15.775 Executing VM operation: G1TryInitiateConcMark done
Event: 15.847 Executing VM operation: G1PauseRemark

Events (20 events):
Event: 15.412 Thread 0x000001d507879700 Thread added: 0x000001d507879700
Event: 15.412 Thread 0x000001d5078731c0 Thread added: 0x000001d5078731c0
Event: 15.412 Thread 0x000001d507874b10 Thread added: 0x000001d507874b10
Event: 15.413 Thread 0x000001d507876e80 Thread added: 0x000001d507876e80
Event: 15.413 Thread 0x000001d5078778a0 Thread added: 0x000001d5078778a0
Event: 15.413 Thread 0x000001d5078791f0 Thread added: 0x000001d5078791f0
Event: 15.413 Thread 0x000001d507877db0 Thread added: 0x000001d507877db0
Event: 15.414 Thread 0x000001d5078787d0 Thread added: 0x000001d5078787d0
Event: 15.414 Thread 0x000001d507875020 Thread added: 0x000001d507875020
Event: 15.414 Thread 0x000001d507875530 Thread added: 0x000001d507875530
Event: 15.415 Thread 0x000001d507875a40 Thread added: 0x000001d507875a40
Event: 15.415 Thread 0x000001d5078727a0 Thread added: 0x000001d5078727a0
Event: 15.415 Thread 0x000001d5078782c0 Thread added: 0x000001d5078782c0
Event: 15.416 Thread 0x000001d507878ce0 Thread added: 0x000001d507878ce0
Event: 15.416 Thread 0x000001d507875f50 Thread added: 0x000001d507875f50
Event: 15.416 Thread 0x000001d507876460 Thread added: 0x000001d507876460
Event: 15.633 Thread 0x000001d507876970 Thread added: 0x000001d507876970
Event: 15.633 Thread 0x000001d507872cb0 Thread added: 0x000001d507872cb0
Event: 15.633 Thread 0x000001d507879c10 Thread added: 0x000001d507879c10
Event: 15.634 Thread 0x000001d50787a120 Thread added: 0x000001d50787a120


Dynamic libraries:
0x00007ff744a00000 - 0x00007ff744a0a000 	C:\Program Files\Android\Android Studio\jbr\bin\java.exe
0x00007fffea8f0000 - 0x00007fffeaae8000 	C:\Windows\SYSTEM32\ntdll.dll
0x00007fffe9800000 - 0x00007fffe98bd000 	C:\Windows\System32\KERNEL32.DLL
0x00007fffe8470000 - 0x00007fffe8766000 	C:\Windows\System32\KERNELBASE.dll
0x00007fffe8370000 - 0x00007fffe8470000 	C:\Windows\System32\ucrtbase.dll
0x00007fffde960000 - 0x00007fffde977000 	C:\Program Files\Android\Android Studio\jbr\bin\jli.dll
0x00007fffde7f0000 - 0x00007fffde80b000 	C:\Program Files\Android\Android Studio\jbr\bin\VCRUNTIME140.dll
0x00007fffe9540000 - 0x00007fffe96df000 	C:\Windows\System32\USER32.dll
0x00007fffe8770000 - 0x00007fffe8792000 	C:\Windows\System32\win32u.dll
0x00007fffd1870000 - 0x00007fffd1b0a000 	C:\Windows\WinSxS\amd64_microsoft.windows.common-controls_6595b64144ccf1df_6.0.19041.4355_none_60b8b9eb71f62e16\COMCTL32.dll
0x00007fffe8930000 - 0x00007fffe895b000 	C:\Windows\System32\GDI32.dll
0x00007fffe98c0000 - 0x00007fffe995e000 	C:\Windows\System32\msvcrt.dll
0x00007fffe81e0000 - 0x00007fffe82f7000 	C:\Windows\System32\gdi32full.dll
0x00007fffe8140000 - 0x00007fffe81dd000 	C:\Windows\System32\msvcp_win.dll
0x00007fffea2c0000 - 0x00007fffea2ef000 	C:\Windows\System32\IMM32.DLL
0x00007fffe06c0000 - 0x00007fffe06cc000 	C:\Program Files\Android\Android Studio\jbr\bin\vcruntime140_1.dll
0x00007fffc4e20000 - 0x00007fffc4ead000 	C:\Program Files\Android\Android Studio\jbr\bin\msvcp140.dll
0x00007fff55870000 - 0x00007fff564f3000 	C:\Program Files\Android\Android Studio\jbr\bin\server\jvm.dll
0x00007fffe9750000 - 0x00007fffe9800000 	C:\Windows\System32\ADVAPI32.dll
0x00007fffea220000 - 0x00007fffea2c0000 	C:\Windows\System32\sechost.dll
0x00007fffe8c60000 - 0x00007fffe8d83000 	C:\Windows\System32\RPCRT4.dll
0x00007fffe7fb0000 - 0x00007fffe7fd7000 	C:\Windows\System32\bcrypt.dll
0x00007fffcbee0000 - 0x00007fffcbee9000 	C:\Windows\SYSTEM32\WSOCK32.dll
0x00007fffe7e00000 - 0x00007fffe7e4b000 	C:\Windows\SYSTEM32\POWRPROF.dll
0x00007fffe96e0000 - 0x00007fffe974b000 	C:\Windows\System32\WS2_32.dll
0x00007fffcc9b0000 - 0x00007fffcc9d7000 	C:\Windows\SYSTEM32\WINMM.dll
0x00007fffe1c40000 - 0x00007fffe1c4a000 	C:\Windows\SYSTEM32\VERSION.dll
0x00007fffe7de0000 - 0x00007fffe7df2000 	C:\Windows\SYSTEM32\UMPDC.dll
0x00007fffe5df0000 - 0x00007fffe5e02000 	C:\Windows\SYSTEM32\kernel.appcore.dll
0x00007fffde7e0000 - 0x00007fffde7ea000 	C:\Program Files\Android\Android Studio\jbr\bin\jimage.dll
0x00007fffe03a0000 - 0x00007fffe0584000 	C:\Windows\SYSTEM32\DBGHELP.DLL
0x00007fffe01c0000 - 0x00007fffe01f4000 	C:\Windows\SYSTEM32\dbgcore.DLL
0x00007fffe87f0000 - 0x00007fffe8872000 	C:\Windows\System32\bcryptPrimitives.dll
0x00007fffde190000 - 0x00007fffde1b5000 	C:\Program Files\Android\Android Studio\jbr\bin\java.dll
0x00007fffd63f0000 - 0x00007fffd6408000 	C:\Program Files\Android\Android Studio\jbr\bin\zip.dll
0x00007fffe99c0000 - 0x00007fffea12c000 	C:\Windows\System32\SHELL32.dll
0x00007fffe5ff0000 - 0x00007fffe678d000 	C:\Windows\SYSTEM32\windows.storage.dll
0x00007fffea2f0000 - 0x00007fffea643000 	C:\Windows\System32\combase.dll
0x00007fffe7820000 - 0x00007fffe784e000 	C:\Windows\SYSTEM32\Wldp.dll
0x00007fffea6b0000 - 0x00007fffea77d000 	C:\Windows\System32\OLEAUT32.dll
0x00007fffea160000 - 0x00007fffea20d000 	C:\Windows\System32\SHCORE.dll
0x00007fffe8b10000 - 0x00007fffe8b65000 	C:\Windows\System32\shlwapi.dll
0x00007fffe7ee0000 - 0x00007fffe7f04000 	C:\Windows\SYSTEM32\profapi.dll
0x00007fffd01a0000 - 0x00007fffd01b9000 	C:\Program Files\Android\Android Studio\jbr\bin\net.dll
0x00007fffe0290000 - 0x00007fffe039a000 	C:\Windows\SYSTEM32\WINHTTP.dll
0x00007fffe7600000 - 0x00007fffe766a000 	C:\Windows\system32\mswsock.dll
0x00007fffce840000 - 0x00007fffce856000 	C:\Program Files\Android\Android Studio\jbr\bin\nio.dll
0x00007fffde7d0000 - 0x00007fffde7e0000 	C:\Program Files\Android\Android Studio\jbr\bin\verify.dll
0x00007fffce810000 - 0x00007fffce837000 	C:\Users\DeLL\.gradle\native\e1d6ef7f7dcc3fd88c89a11ec53ec762bb8ba0a96d01ffa2cd45eb1d1d8dd5c5\windows-amd64\native-platform.dll
0x00007fffb5270000 - 0x00007fffb53b4000 	C:\Users\DeLL\.gradle\native\0d407fdbe67a94daf76414ababcb853783967236a71b16ec16e742cd7a986fd3\windows-amd64\native-platform-file-events.dll
0x00007fffcc5c0000 - 0x00007fffcc5c9000 	C:\Program Files\Android\Android Studio\jbr\bin\management.dll
0x00007fffcc5b0000 - 0x00007fffcc5bb000 	C:\Program Files\Android\Android Studio\jbr\bin\management_ext.dll
0x00007fffea210000 - 0x00007fffea218000 	C:\Windows\System32\PSAPI.DLL
0x00007fffe7860000 - 0x00007fffe7878000 	C:\Windows\SYSTEM32\CRYPTSP.dll
0x00007fffe6f40000 - 0x00007fffe6f74000 	C:\Windows\system32\rsaenh.dll
0x00007fffe7e50000 - 0x00007fffe7e7e000 	C:\Windows\SYSTEM32\USERENV.dll
0x00007fffe7790000 - 0x00007fffe779c000 	C:\Windows\SYSTEM32\CRYPTBASE.dll
0x00007fffe7300000 - 0x00007fffe733b000 	C:\Windows\SYSTEM32\IPHLPAPI.DLL
0x00007fffe8b70000 - 0x00007fffe8b78000 	C:\Windows\System32\NSI.dll
0x00007fffe0db0000 - 0x00007fffe0dc7000 	C:\Windows\SYSTEM32\dhcpcsvc6.DLL
0x00007fffe1130000 - 0x00007fffe114d000 	C:\Windows\SYSTEM32\dhcpcsvc.DLL
0x00007fffe7340000 - 0x00007fffe740a000 	C:\Windows\SYSTEM32\DNSAPI.dll
0x00007fffcc5a0000 - 0x00007fffcc5a9000 	C:\Program Files\Android\Android Studio\jbr\bin\extnet.dll
0x00007fffb0630000 - 0x00007fffb0637000 	C:\Windows\system32\wshunix.dll

dbghelp: loaded successfully - version: 4.0.5 - missing functions: none
symbol engine: initialized successfully - sym options: 0x614 - pdb path: .;C:\Program Files\Android\Android Studio\jbr\bin;C:\Windows\SYSTEM32;C:\Windows\WinSxS\amd64_microsoft.windows.common-controls_6595b64144ccf1df_6.0.19041.4355_none_60b8b9eb71f62e16;C:\Program Files\Android\Android Studio\jbr\bin\server;C:\Users\DeLL\.gradle\native\e1d6ef7f7dcc3fd88c89a11ec53ec762bb8ba0a96d01ffa2cd45eb1d1d8dd5c5\windows-amd64;C:\Users\DeLL\.gradle\native\0d407fdbe67a94daf76414ababcb853783967236a71b16ec16e742cd7a986fd3\windows-amd64

VM Arguments:
jvm_args: --add-opens=java.base/java.util=ALL-UNNAMED --add-opens=java.base/java.lang=ALL-UNNAMED --add-opens=java.base/java.lang.invoke=ALL-UNNAMED --add-opens=java.base/java.util=ALL-UNNAMED --add-opens=java.prefs/java.util.prefs=ALL-UNNAMED --add-opens=java.prefs/java.util.prefs=ALL-UNNAMED --add-opens=java.base/java.nio.charset=ALL-UNNAMED --add-opens=java.base/java.net=ALL-UNNAMED --add-opens=java.base/java.util.concurrent.atomic=ALL-UNNAMED -Xmx2048M -Dfile.encoding=windows-1252 -Duser.country=US -Duser.language=en -Duser.variant 
java_command: org.gradle.launcher.daemon.bootstrap.GradleDaemon 7.4
java_class_path (initial): C:\Users\DeLL\.gradle\wrapper\dists\gradle-7.4-all\aadb4xli5jkdsnukm30eibyiu\gradle-7.4\lib\gradle-launcher-7.4.jar
Launcher Type: SUN_STANDARD

[Global flags]
     intx CICompilerCount                          = 4                                         {product} {ergonomic}
     uint ConcGCThreads                            = 2                                         {product} {ergonomic}
     uint G1ConcRefinementThreads                  = 8                                         {product} {ergonomic}
   size_t G1HeapRegionSize                         = 1048576                                   {product} {ergonomic}
    uintx GCDrainStackTargetSize                   = 64                                        {product} {ergonomic}
   size_t InitialHeapSize                          = 266338304                                 {product} {ergonomic}
   size_t MarkStackSize                            = 4194304                                   {product} {ergonomic}
   size_t MaxHeapSize                              = 2147483648                                {product} {command line}
   size_t MaxNewSize                               = 1287651328                                {product} {ergonomic}
   size_t MinHeapDeltaBytes                        = 1048576                                   {product} {ergonomic}
   size_t MinHeapSize                              = 8388608                                   {product} {ergonomic}
    uintx NonNMethodCodeHeapSize                   = 5839372                                {pd product} {ergonomic}
    uintx NonProfiledCodeHeapSize                  = 122909434                              {pd product} {ergonomic}
    uintx ProfiledCodeHeapSize                     = 122909434                              {pd product} {ergonomic}
    uintx ReservedCodeCacheSize                    = 251658240                              {pd product} {ergonomic}
     bool SegmentedCodeCache                       = true                                      {product} {ergonomic}
   size_t SoftMaxHeapSize                          = 2147483648                             {manageable} {ergonomic}
     bool UseCompressedClassPointers               = true                           {product lp64_product} {ergonomic}
     bool UseCompressedOops                        = true                           {product lp64_product} {ergonomic}
     bool UseG1GC                                  = true                                      {product} {ergonomic}
     bool UseLargePagesIndividualAllocation        = false                                  {pd product} {ergonomic}

Logging:
Log output configuration:
 #0: stdout all=warning uptime,level,tags
 #1: stderr all=off uptime,level,tags

Environment Variables:
JAVA_HOME=C:\Program Files\Android\Android Studio\jbr
CLASSPATH=E:\flutter project\Rider App\android\\gradle\wrapper\gradle-wrapper.jar
PATH=C:\Program Files\Android\Android Studio\jbr\bin;C:\Program Files\Microsoft\jdk-17.0.11.9-hotspot\bin;C:\Program Files\Common Files\Oracle\Java\javapath;C:\Python312\Scripts\;C:\Python312\;C:\Program Files\Python311\Scripts\;C:\Program Files\Python311\;C:\Windows\system32;C:\Windows;C:\Windows\System32\Wbem;C:\Windows\System32\WindowsPowerShell\v1.0\;C:\Windows\System32\OpenSSH\;C:\Program Files (x86)\Microsoft Group Policy\Windows 10 November 2021 Update V2 (21H2)\PolicyDefinitions\;C:\Program Files\dotnet\;C:\Users\DeLL\AppData\Roaming\Python\Python311\Scripts;C:\Users\DeLL\AppData\Local\Android\Sdk\platform-tools;C:\Program Files\Java\jdk-11\bin;C:\xampp\php;C:\composer;C:\Program Files\Amazon\SessionManagerPlugin\bin\;C:\Program Files\nodejs\;C:\ProgramData\chocolatey\bin;C:\Program Files\Git\cmd;C:\Users\DeLL\AppData\Local\Android\Sdk\tools;C:\Users\DeLL\AppData\Local\Microsoft\WindowsApps;C:\Users\DeLL\AppData\Local\Programs\Microsoft VS Code\bin;C:\Users\DeLL\AppData\Roaming\Composer\vendor\bin;C:\Users\DeLL\AppData\Roaming\npm;C:\Users\DeLL\AppData\Local\Android\Sdk\platform-tools;E:\flutter\flutter\bin;;E:\flutter\flutter\bin\mingit\cmd
USERNAME=DeLL
OS=Windows_NT
PROCESSOR_IDENTIFIER=Intel64 Family 6 Model 142 Stepping 12, GenuineIntel
TMP=C:\Users\DeLL\AppData\Local\Temp
TEMP=C:\Users\DeLL\AppData\Local\Temp



Periodic native trim disabled

JNI global refs:
JNI global refs: 25, weak refs: 0

JNI global refs memory usage: 843, weak refs: 841

OOME stack traces (most recent first):
Classloader memory used:
Loader org.gradle.internal.classloader.VisitableURLClassLoader                         : 4007K
Loader bootstrap                                                                       : 2578K
Loader org.gradle.initialization.MixInLegacyTypesClassLoader                           : 1177K
Loader jdk.internal.loader.ClassLoaders$PlatformClassLoader                            : 64915B
Loader jdk.internal.loader.ClassLoaders$AppClassLoader                                 : 25124B
Loader jdk.internal.reflect.DelegatingClassLoader                                      : 12598B
Loader org.gradle.internal.classloader.VisitableURLClassLoader                         : 6166B
Loader org.gradle.groovy.scripts.internal.DefaultScriptCompilationHandler$ScriptClassLoader: 5113B
Loader org.codehaus.groovy.runtime.callsite.CallSiteClassLoader                        : 1991B
Loader sun.reflect.misc.MethodUtil                                                     : 373B

Classes loaded by more than one classloader:
Class Program                                                                         : loaded 3 times (x 70B)
Class org.gradle.internal.classpath.ClassPath                                         : loaded 2 times (x 68B)
Class org.gradle.api.internal.classpath.DefaultModuleRegistry                         : loaded 2 times (x 84B)
Class org.gradle.api.Action                                                           : loaded 2 times (x 68B)
Class org.gradle.api.internal.DefaultClassPathProvider                                : loaded 2 times (x 74B)
Class org.gradle.internal.installation.GradleInstallation$1                           : loaded 2 times (x 73B)
Class org.gradle.internal.classloader.FilteringClassLoader                            : loaded 2 times (x 103B)
Class org.gradle.internal.classloader.ClassLoaderVisitor                              : loaded 2 times (x 74B)
Class org.gradle.internal.service.DefaultServiceLocator                               : loaded 2 times (x 81B)
Class org.gradle.internal.service.UnknownServiceException                             : loaded 2 times (x 81B)
Class org.gradle.internal.classloader.DefaultClassLoaderFactory                       : loaded 2 times (x 80B)
Class org.gradle.internal.classloader.VisitableURLClassLoader$Spec                    : loaded 2 times (x 72B)
Class org.gradle.api.GradleException                                                  : loaded 2 times (x 80B)
Class org.gradle.api.internal.classpath.ModuleRegistry                                : loaded 2 times (x 68B)
Class org.gradle.api.internal.ClassPathProvider                                       : loaded 2 times (x 68B)
Class org.gradle.internal.classloader.ClasspathUtil$1                                 : loaded 2 times (x 74B)
Class org.gradle.internal.classloader.ClassLoaderFactory                              : loaded 2 times (x 68B)
Class org.gradle.api.internal.classpath.ManifestUtil                                  : loaded 2 times (x 69B)
Class org.gradle.api.specs.Spec                                                       : loaded 2 times (x 68B)
Class org.gradle.internal.IoActions                                                   : loaded 2 times (x 69B)
Class org.gradle.api.internal.classpath.EffectiveClassPath                            : loaded 2 times (x 88B)
Class org.gradle.internal.installation.CurrentGradleInstallation                      : loaded 2 times (x 71B)
Class org.gradle.internal.installation.CurrentGradleInstallationLocator               : loaded 2 times (x 69B)
Class org.gradle.api.internal.classpath.Module                                        : loaded 2 times (x 68B)
Class org.gradle.internal.service.CachingServiceLocator                               : loaded 2 times (x 80B)
Class org.gradle.internal.classpath.DefaultClassPath                                  : loaded 2 times (x 88B)
Class org.gradle.api.Transformer                                                      : loaded 2 times (x 68B)
Class org.gradle.internal.classloader.SystemClassLoaderSpec                           : loaded 2 times (x 69B)
Class org.gradle.api.UncheckedIOException                                             : loaded 2 times (x 80B)
Class org.gradle.internal.installation.GradleInstallation                             : loaded 2 times (x 73B)
Class org.gradle.internal.classloader.ClasspathUtil                                   : loaded 2 times (x 69B)
Class org.gradle.api.internal.DefaultClassPathRegistry                                : loaded 2 times (x 74B)
Class org.gradle.api.internal.classpath.DefaultModuleRegistry$DefaultModule           : loaded 2 times (x 84B)
Class org.gradle.api.internal.classpath.UnknownModuleException                        : loaded 2 times (x 80B)
Class org.gradle.internal.service.ServiceLookupException                              : loaded 2 times (x 80B)
Class org.gradle.cache.GlobalCache                                                    : loaded 2 times (x 68B)
Class [Lorg.gradle.api.internal.ClassPathProvider;                                    : loaded 2 times (x 67B)
Class org.gradle.util.internal.GUtil                                                  : loaded 2 times (x 69B)
Class org.gradle.internal.classloader.ClassLoaderSpec                                 : loaded 2 times (x 69B)
Class org.gradle.internal.classloader.VisitableURLClassLoader                         : loaded 2 times (x 115B)
Class org.gradle.internal.Cast                                                        : loaded 2 times (x 69B)
Class Build_gradle                                                                    : loaded 2 times (x 128B)
Class org.gradle.api.internal.ClassPathRegistry                                       : loaded 2 times (x 68B)
Class org.gradle.internal.classloader.ClassLoaderHierarchy                            : loaded 2 times (x 68B)
Class org.gradle.internal.service.ServiceLocator                                      : loaded 2 times (x 68B)
Class org.gradle.internal.classpath.DefaultClassPath$ImmutableUniqueList              : loaded 2 times (x 159B)


---------------  S Y S T E M  ---------------

OS:
 Windows 10 , 64 bit Build 19041 (10.0.19041.3636)
OS uptime: 0 days 22:54 hours
Hyper-V role detected

CPU: total 8 (initial active 8) (4 cores per cpu, 2 threads per core) family 6 model 142 stepping 12 microcode 0xf8, cx8, cmov, fxsr, ht, mmx, 3dnowpref, sse, sse2, sse3, ssse3, sse4.1, sse4.2, popcnt, lzcnt, tsc, tscinvbit, avx, avx2, aes, erms, clmul, bmi1, bmi2, adx, fma, vzeroupper, clflush, clflushopt, hv
Processor Information for all 8 processors :
  Max Mhz: 1800, Current Mhz: 1600, Mhz Limit: 1584

Memory: 4k page, system-wide physical 16255M (529M free)
TotalPageFile size 24182M (AvailPageFile size 25M)
current process WorkingSet (physical memory assigned to process): 255M, peak: 255M
current process commit charge ("private bytes"): 296M, peak: 397M

vm_info: OpenJDK 64-Bit Server VM (17.0.10+0--11572160) for windows-amd64 JRE (17.0.10+0--11572160), built on Mar 13 2024 23:56:38 by "androidbuild" with MS VC++ 16.10 / 16.11 (VS2019)

END.
